
ROM used: 1264 (15%)
          1264 (15%) including unused fragments

          2 Average locations per line
          6 Average locations per statement

RAM used: 23 (6%) at main() level
          30 (8%) worst case

Stack used: 5 worst case (out of 6 total available)

Lines Stmts  %   Files
----- ----- ---  -----
  243   174  82  week5.c
  309     0   0  ..\..\..\..\..\Program Files (x86)\PICC\devices\16f877a.h
   85    38  18  LCD4bit.h
----- -----
  637   212 Total

Page ROM  %  RAM   Vol Diff  Functions:
---- --- --- ---   --- ----  ----------
0     21   2   1             @delay_ms1
0     33   3   1   167  2.3  LCD_Data
0     16   1   0    67  1.2  LCD_Pulse
0     13   1   2    98  1.7  LCD_Position
0     16   1   1   136  2.2  LCD_Cmd
0     19   2   1   127  1.3  LCD_Char
0     38   3   0   262  1.4  LCD_Init
 Inline        3             @I2C_READ_1
0     52   4   1             @I2C_WRITE_1
0     53   4   5   176  4.8  BCD2DEC
 Inline        2             @MUL88
0     24   2   5   176  4.8  DEC2BCD
0     21   2   3             @DIV88
0     21   2   3    83  2.5  hienthi
0     39   3   2   102  1.8  ghidl
0    121  10   2   188  2.4  docdl
0     74   6   1   386  1.9  update_Ds1307
0    249  20   1  3067  9.4  chinh_gio
0      9   1   0             @goto10224
0      9   1   0             @goto10280
0    319  25   1  1999  5.4  MAIN
0     15   1   0             @const101
0     11   1   0             @const102
0      9   1   0             @const103
0      9   1   0             @const104
0      6   0   0             @const105
0      7   1   0             @const109
0      9   1   0             @goto10364

Program metrics:
    Functions               14
    Statements              212
    Comments                118
    Volume (V)              10331
    Difficilty (D)          41.9
    Effort to implement (E) 433309
    Time to implement (T)   6 hours, 41 minutes
    Est Delivered Bugs (B)  2
    Cyclomatic Complexity   41
    Maintainability (MI)    43

 Segment     Used  Free
-----------  ----  ----
00000-00003     4  0  
00004-00032    47  0  
00033-007FF  1213  784  
00800-00FFF     0  2048  
01000-017FF     0  2048  
01800-01FFF     0  2048  



