
ROM used: 1504 (18%)
          1504 (18%) including unused fragments

          2 Average locations per line
          9 Average locations per statement

RAM used: 99 (27%) at main() level
          112 (30%) worst case

Stack used: 5 worst case (out of 8 total available)

Lines Stmts  %   Files
----- ----- ---  -----
   32    12   7  RTC.c
  309     0   0  C:\Program Files (x86)\PICC\devices\16f877A.h
  256    93  55  DS1307.c
  178    63  38  C:\Program Files (x86)\PICC\drivers\lcd.c
----- -----
  775   168 Total

Page ROM  %  RAM   Vol Diff  Functions:
---- --- --- ---   --- ----  ----------
0     21   1   1             @delay_ms1
0     75   5   3             @I2C_READ_1
0     74   5   1             @I2C_WRITE_1
0    145  10   8   531  2.7  ds1307_set_date_time
 Inline        6   437  3.1  ds1307_get_date
 Inline        5   367  3.0  ds1307_get_time
0    248  16  10   172  3.2  ds1307_get_day_of_week
 Inline        2             @MUL88
 Inline        1             @SPRINTF
0     21   1   3   240  6.0  ds1307_bin2bcd
0     21   1   3   155  4.7  ds1307_bcd2bin
0      8   1   0             @const108
 Inline        3   463  4.3  lcd_read_byte
0     14   1   1   134  2.2  lcd_send_nibble
0     74   5   3   317  4.3  lcd_send_byte
0     58   4   2   422  4.7  lcd_init
0     20   1   4   186  5.5  lcd_gotoxy
0     49   3   1   272  4.1  lcd_putc
0    561  37   2   502  2.3  MAIN
0     23   2   3             @DIV88
0     63   4   2             @PRINTF_U_128
0     25   2   0             @const151

Program metrics:
    Functions               13
    Statements              168
    Comments                166
    Volume (V)              7089
    Difficilty (D)          49.4
    Effort to implement (E) 350033
    Time to implement (T)   5 hours, 24 minutes
    Est Delivered Bugs (B)  2
    Cyclomatic Complexity   8
    Maintainability (MI)    63

 Segment     Used  Free
-----------  ----  ----
00000-00003     4  0  
00004-007FF  1500  544  
00800-00FFF     0  2048  
01000-017FF     0  2048  
01800-01FFF     0  2048  



