
ROM used: 1769 (22%)
          1769 (22%) including unused fragments

          1 Average locations per line
          6 Average locations per statement

RAM used: 32 (9%) at main() level
          69 (19%) worst case

Stack used: 4 worst case (out of 8 total available)

Lines Stmts  %   Files
----- ----- ---  -----
   64    35  13  glcd.c
  309     0   0  C:\Program Files (x86)\PICC\devices\16f877a.h
  351    74  27  C:\Program Files (x86)\PICC\drivers\HDM64GS12.c
  556   167  61  C:\Program Files (x86)\PICC\drivers\graphics.c
----- -----
 1280   276 Total

Page ROM  %  RAM   Vol Diff  Functions:
---- --- --- ---   --- ----  ----------
0     22   1   1             @delay_ms1
0    143   8   1   555  3.4  glcd_init
0    118   7   9   764  7.1  glcd_pixel
 Inline        4   498  4.8  glcd_fillScreen
0     37   2   2             @MUL88
0     42   2   2   257  2.8  glcd_writeByte
0     46   3   2   318  2.8  glcd_readByte
0    262  15   0             @const71
0    224  13   0             @const74
0    182  10  17  1475  8.8  glcd_line
0     96   5   6  1036  5.8  glcd_rect
0    214  12  23  1550 11.2  glcd_text57
0    379  21  25  3478  5.1  MAIN

Program metrics:
    Functions               9
    Statements              276
    Comments                419
    Volume (V)              14144
    Difficilty (D)          51.7
    Effort to implement (E) 730564
    Time to implement (T)   11 hours, 16 minutes
    Est Delivered Bugs (B)  3
    Cyclomatic Complexity   36
    Maintainability (MI)    31

 Segment     Used  Free
-----------  ----  ----
00000-00003     4  0  
00004-007FF  1765  279  
00800-00FFF     0  2048  
01000-017FF     0  2048  
01800-01FFF     0  2048  



