AutoECO Report
FILE-A: D:\PROJECT LED CUBE\VE LAI\IC_MO_RONG.MAX
FILE-B: D:\PROJECT LED CUBE\VE LAI\IC_MO_RONG.MNL
If "*EOF*" immediately follows, no changes were made
Adding package CON8
Adding package 74HC541_5
Adding package CON10
Adding package LED
Adding package RESISTOR
Adding component J2
Adding component U1
Found footprint IC 20 PIN from PRT file for part 74HC541_5, comp U1
Adding component U7
Adding component U2
Adding component J1
Found library footprint with same name as part CON10
Adding component J16
Found library footprint with same name as part CON8
Adding component J7
Adding component J5
Adding component U4
Adding component J4
Adding component J3
Adding component U6
Adding component U8
Adding component J14
Adding component U3
Adding component J6
Adding component U5
Adding component D5
Found library footprint with same name as part LED
Adding component J11
Adding component R3
Found footprint R_1/4W from PRT file for part RESISTOR, comp R3
Adding net N77440
Adding net GND1
Adding net N78552
Adding net N78584
Adding net N78314
Adding net N72189
Adding net N72401
Adding net VCC1
Adding net N77942
Adding net N72613
Adding net N77646
Adding net N72719
Adding net N72507
Adding net N72103
Adding net N72295
Adding net N7073514
Adding net N7015916
Adding net N7015911
Adding net N7059113
Adding net N7015915
Adding net N7044710
Adding net N7102316
Adding net N6918710
Adding net N7087915
Adding net N7087910
Adding net N7030314
Adding net N6918714
Adding net N7044716
Adding net N7044714
Adding net N6918716
Adding net N7102313
Adding net N7030315
Adding net N7030310
Adding net N7073510
Adding net N7015912
Adding net N7059114
Adding net N7059117
Adding net N7015910
Adding net N7044712
Adding net N7102312
Adding net N6918712
Adding net N7087911
Adding net N7073515
Adding net N6918715
Adding net N7044717
Adding net N7044711
Adding net N7044715
Adding net N6918717
Adding net N6918711
Adding net N7102314
Adding net N7087916
Adding net N886870
Adding net N7030311
Adding net N7030316
Adding net N7073516
Adding net N7073511
Adding net N7015917
Adding net N7015913
Adding net N7059115
Adding net N7044713
Adding net N7102317
Adding net N6918713
Adding net N7087912
Adding net N7102315
Adding net N7059110
Adding net N7087917
Adding net N7030312
Adding net N7073512
Adding net N7015914
Adding net N7059116
Adding net N7087913
Adding net N7030317
Adding net N7102310
Adding net N7059111
Adding net N7030313
Adding net N7059112
Adding net N7073517
Adding net N7073513
Adding net N7102311
Adding net N7087914
Adding net N72825
Adding net N78179
Adding net N77807
Deleting net DEFAULT
*EOF*
No errors found
