Tue Apr 21 08:48:54 Saved as file D:\PROJECT LED CUBE\VE LAI\IC_MO_RONG.MAX
Tue Apr 21 08:48:54 Saved as file BACKUP1.MAX
Tue Apr 21 08:48:54 Saved as file D:\PROJECT LED CUBE\VE LAI\IC_MO_RONG.MAX
Tue Apr 21 08:48:55 UserDiv from Layout.INI for AutoECO: 60
Tue Apr 21 08:48:55 Loaded file D:\PROJECT LED CUBE\VE LAI\IC_MO_RONG.MAX
Tue Apr 21 08:48:55 Loaded file C:\PROGRAM FILES\ORCAD\LAYOUT_PLUS\library\BCON100T.llb
Tue Apr 21 08:48:55 Loaded file C:\PROGRAM FILES\ORCAD\LAYOUT_PLUS\library\BCON156T.llb
Tue Apr 21 08:48:55 Loaded file C:\PROGRAM FILES\ORCAD\LAYOUT_PLUS\library\BGA.llb
Tue Apr 21 08:48:55 Loaded file C:\PROGRAM FILES\ORCAD\LAYOUT_PLUS\library\CLCC.llb
Tue Apr 21 08:48:55 Loaded file C:\PROGRAM FILES\ORCAD\LAYOUT_PLUS\library\DCON050T.llb
Tue Apr 21 08:48:55 Loaded file C:\PROGRAM FILES\ORCAD\LAYOUT_PLUS\library\DCON085T.llb
Tue Apr 21 08:48:55 Loaded file C:\PROGRAM FILES\ORCAD\LAYOUT_PLUS\library\DIMM050F.llb
Tue Apr 21 08:48:55 Loaded file C:\PROGRAM FILES\ORCAD\LAYOUT_PLUS\library\DIMM050T.llb
Tue Apr 21 08:48:55 Loaded file C:\PROGRAM FILES\ORCAD\LAYOUT_PLUS\library\DIN.llb
Tue Apr 21 08:48:55 Loaded file C:\PROGRAM FILES\ORCAD\LAYOUT_PLUS\library\DIP100B.llb
Tue Apr 21 08:48:55 Loaded file C:\PROGRAM FILES\ORCAD\LAYOUT_PLUS\library\DIP100T.llb
Tue Apr 21 08:48:55 Loaded file C:\PROGRAM FILES\ORCAD\LAYOUT_PLUS\library\DSUBT.llb
Tue Apr 21 08:48:55 Loaded file C:\PROGRAM FILES\ORCAD\LAYOUT_PLUS\library\DSUBT_HD.LLB
Tue Apr 21 08:48:55 Loaded file C:\PROGRAM FILES\ORCAD\LAYOUT_PLUS\library\ECON100T.llb
Tue Apr 21 08:48:55 Loaded file C:\PROGRAM FILES\ORCAD\LAYOUT_PLUS\library\FBUS.llb
Tue Apr 21 08:48:55 Loaded file C:\PROGRAM FILES\ORCAD\LAYOUT_PLUS\library\ISA.llb
Tue Apr 21 08:48:55 Loaded file C:\PROGRAM FILES\ORCAD\LAYOUT_PLUS\library\JUMPER.LLB
Tue Apr 21 08:48:55 Loaded file C:\PROGRAM FILES\ORCAD\LAYOUT_PLUS\library\LAYOUT.llb
Tue Apr 21 08:48:55 Loaded file C:\PROGRAM FILES\ORCAD\LAYOUT_PLUS\library\LCON100T.llb
Tue Apr 21 08:48:55 Loaded file C:\PROGRAM FILES\ORCAD\LAYOUT_PLUS\library\PC104.llb
Tue Apr 21 08:48:55 Loaded file C:\PROGRAM FILES\ORCAD\LAYOUT_PLUS\library\PCI.llb
Tue Apr 21 08:48:55 Loaded file C:\PROGRAM FILES\ORCAD\LAYOUT_PLUS\library\PCON100T.llb
Tue Apr 21 08:48:55 Loaded file C:\PROGRAM FILES\ORCAD\LAYOUT_PLUS\library\PCON156T.llb
Tue Apr 21 08:48:55 Loaded file C:\PROGRAM FILES\ORCAD\LAYOUT_PLUS\library\PGA.llb
Tue Apr 21 08:48:55 Loaded file C:\PROGRAM FILES\ORCAD\LAYOUT_PLUS\library\PLCC.llb
Tue Apr 21 08:48:55 Loaded file C:\PROGRAM FILES\ORCAD\LAYOUT_PLUS\library\QUAD.llb
Tue Apr 21 08:48:55 Loaded file C:\PROGRAM FILES\ORCAD\LAYOUT_PLUS\library\QUADB.llb
Tue Apr 21 08:48:55 Loaded file C:\PROGRAM FILES\ORCAD\LAYOUT_PLUS\library\RELAY.llb
Tue Apr 21 08:48:55 Loaded file C:\PROGRAM FILES\ORCAD\LAYOUT_PLUS\library\RF.llb
Tue Apr 21 08:48:55 Loaded file C:\PROGRAM FILES\ORCAD\LAYOUT_PLUS\library\SBUS.llb
Tue Apr 21 08:48:55 Loaded file C:\PROGRAM FILES\ORCAD\LAYOUT_PLUS\library\SIMM050F.llb
Tue Apr 21 08:48:55 Loaded file C:\PROGRAM FILES\ORCAD\LAYOUT_PLUS\library\SIMM050T.llb
Tue Apr 21 08:48:55 Loaded file C:\PROGRAM FILES\ORCAD\LAYOUT_PLUS\library\SIMM100F.llb
Tue Apr 21 08:48:55 Loaded file C:\PROGRAM FILES\ORCAD\LAYOUT_PLUS\library\SIMM100T.llb
Tue Apr 21 08:48:55 Loaded file C:\PROGRAM FILES\ORCAD\LAYOUT_PLUS\library\SIP.llb
Tue Apr 21 08:48:55 Loaded file C:\PROGRAM FILES\ORCAD\LAYOUT_PLUS\library\SM.llb
Tue Apr 21 08:48:55 Loaded file C:\PROGRAM FILES\ORCAD\LAYOUT_PLUS\library\SOG.llb
Tue Apr 21 08:48:55 Loaded file C:\PROGRAM FILES\ORCAD\LAYOUT_PLUS\library\SOJ.llb
Tue Apr 21 08:48:55 Loaded file C:\PROGRAM FILES\ORCAD\LAYOUT_PLUS\library\STIFF.llb
Tue Apr 21 08:48:55 Loaded file C:\PROGRAM FILES\ORCAD\LAYOUT_PLUS\library\TELE.llb
Tue Apr 21 08:48:55 Loaded file C:\PROGRAM FILES\ORCAD\LAYOUT_PLUS\library\TM_AXIAL.llb
Tue Apr 21 08:48:55 Loaded file C:\PROGRAM FILES\ORCAD\LAYOUT_PLUS\library\TM_CAP_P.llb
Tue Apr 21 08:48:55 Loaded file C:\PROGRAM FILES\ORCAD\LAYOUT_PLUS\library\TM_CYLND.llb
Tue Apr 21 08:48:55 Loaded file C:\PROGRAM FILES\ORCAD\LAYOUT_PLUS\library\TM_DIODE.llb
Tue Apr 21 08:48:55 Loaded file C:\PROGRAM FILES\ORCAD\LAYOUT_PLUS\library\TM_DISC.llb
Tue Apr 21 08:48:55 Loaded file C:\PROGRAM FILES\ORCAD\LAYOUT_PLUS\library\TM_RAD.llb
Tue Apr 21 08:48:55 Loaded file C:\PROGRAM FILES\ORCAD\LAYOUT_PLUS\library\TO.llb
Tue Apr 21 08:48:55 Loaded file C:\PROGRAM FILES\ORCAD\LAYOUT_PLUS\library\TRAINING.LLB
Tue Apr 21 08:48:55 Loaded file C:\PROGRAM FILES\ORCAD\LAYOUT_PLUS\library\VRES.llb
Tue Apr 21 08:48:55 Loaded file C:\PROGRAM FILES\ORCAD\LAYOUT_PLUS\library\WCON100T.llb
Tue Apr 21 08:48:55 Loaded file C:\PROGRAM FILES\ORCAD\LAYOUT_PLUS\library\XT.llb
Tue Apr 21 08:48:55 Loaded file C:\PROGRAM FILES\ORCAD\LAYOUT_PLUS\library\ZIGZAG.llb
Tue Apr 21 08:48:58 Loaded file C:\PROGRAM FILES\ORCAD\LAYOUT_PLUS\data\template.imp
Tue Apr 21 08:48:58 Loaded file C:\PROGRAM FILES\ORCAD\LAYOUT_PLUS\data\template.imp
Tue Apr 21 08:49:00 Loaded file C:\PROGRAM FILES\ORCAD\LAYOUT_PLUS\library\BCON156T.llb
Tue Apr 21 08:49:00 Loaded file C:\PROGRAM FILES\ORCAD\LAYOUT_PLUS\library\PC104.llb
Tue Apr 21 08:49:01 Loaded file C:\PROGRAM FILES\ORCAD\LAYOUT_PLUS\library\PCI.llb
Tue Apr 21 08:49:01 Loaded file C:\PROGRAM FILES\ORCAD\LAYOUT_PLUS\library\PCON100T.llb
Tue Apr 21 08:49:01 Loaded file C:\PROGRAM FILES\ORCAD\LAYOUT_PLUS\library\PCON156T.llb
Tue Apr 21 08:49:02 Loaded file C:\PROGRAM FILES\ORCAD\LAYOUT_PLUS\library\PGA.llb
Tue Apr 21 08:49:02 Loaded file C:\PROGRAM FILES\ORCAD\LAYOUT_PLUS\library\PLCC.llb
Tue Apr 21 08:49:02 Loaded file C:\PROGRAM FILES\ORCAD\LAYOUT_PLUS\library\PC104.llb
Tue Apr 21 08:49:02 Loaded file C:\PROGRAM FILES\ORCAD\LAYOUT_PLUS\library\PCI.llb
Tue Apr 21 08:49:03 Loaded file C:\PROGRAM FILES\ORCAD\LAYOUT_PLUS\library\PCON100T.llb
Tue Apr 21 08:49:03 Loaded file C:\PROGRAM FILES\ORCAD\LAYOUT_PLUS\library\PCON156T.llb
Tue Apr 21 08:49:03 Loaded file C:\PROGRAM FILES\ORCAD\LAYOUT_PLUS\library\PGA.llb
Tue Apr 21 08:49:03 Loaded file C:\PROGRAM FILES\ORCAD\LAYOUT_PLUS\library\PLCC.llb
Tue Apr 21 08:49:04 Loaded file C:\PROGRAM FILES\ORCAD\LAYOUT_PLUS\library\PC104.llb
Tue Apr 21 08:49:05 Loaded file C:\PROGRAM FILES\ORCAD\LAYOUT_PLUS\library\PCI.llb
Tue Apr 21 08:49:05 Loaded file C:\PROGRAM FILES\ORCAD\LAYOUT_PLUS\library\PCON100T.llb
Tue Apr 21 08:49:05 Loaded file C:\PROGRAM FILES\ORCAD\LAYOUT_PLUS\library\PCON156T.llb
Tue Apr 21 08:49:05 Loaded file C:\PROGRAM FILES\ORCAD\LAYOUT_PLUS\library\PGA.llb
Tue Apr 21 08:49:05 Loaded file C:\PROGRAM FILES\ORCAD\LAYOUT_PLUS\library\PLCC.llb
Tue Apr 21 08:49:05 Loaded file C:\PROGRAM FILES\ORCAD\LAYOUT_PLUS\library\PC104.llb
Tue Apr 21 08:49:05 Loaded file C:\PROGRAM FILES\ORCAD\LAYOUT_PLUS\library\PCI.llb
Tue Apr 21 08:49:05 Loaded file C:\PROGRAM FILES\ORCAD\LAYOUT_PLUS\library\PCON100T.llb
Tue Apr 21 08:49:05 Loaded file C:\PROGRAM FILES\ORCAD\LAYOUT_PLUS\library\PCON156T.llb
Tue Apr 21 08:49:05 Loaded file C:\PROGRAM FILES\ORCAD\LAYOUT_PLUS\library\PGA.llb
Tue Apr 21 08:49:05 Loaded file C:\PROGRAM FILES\ORCAD\LAYOUT_PLUS\library\PLCC.llb
Tue Apr 21 08:49:06 Loaded file C:\PROGRAM FILES\ORCAD\LAYOUT_PLUS\library\PC104.llb
Tue Apr 21 08:49:06 Loaded file C:\PROGRAM FILES\ORCAD\LAYOUT_PLUS\library\PCI.llb
Tue Apr 21 08:49:06 Loaded file C:\PROGRAM FILES\ORCAD\LAYOUT_PLUS\library\PCON100T.llb
Tue Apr 21 08:49:06 Loaded file C:\PROGRAM FILES\ORCAD\LAYOUT_PLUS\library\PCON156T.llb
Tue Apr 21 08:49:06 Loaded file C:\PROGRAM FILES\ORCAD\LAYOUT_PLUS\library\PGA.llb
Tue Apr 21 08:49:06 Loaded file C:\PROGRAM FILES\ORCAD\LAYOUT_PLUS\library\PLCC.llb
Tue Apr 21 08:49:06 Loaded file C:\PROGRAM FILES\ORCAD\LAYOUT_PLUS\library\PC104.llb
Tue Apr 21 08:49:06 Loaded file C:\PROGRAM FILES\ORCAD\LAYOUT_PLUS\library\PCI.llb
Tue Apr 21 08:49:06 Loaded file C:\PROGRAM FILES\ORCAD\LAYOUT_PLUS\library\PCON100T.llb
Tue Apr 21 08:49:06 Loaded file C:\PROGRAM FILES\ORCAD\LAYOUT_PLUS\library\PCON156T.llb
Tue Apr 21 08:49:06 Loaded file C:\PROGRAM FILES\ORCAD\LAYOUT_PLUS\library\PGA.llb
Tue Apr 21 08:49:06 Loaded file C:\PROGRAM FILES\ORCAD\LAYOUT_PLUS\library\PLCC.llb
Tue Apr 21 08:49:06 Loaded file C:\PROGRAM FILES\ORCAD\LAYOUT_PLUS\library\PC104.llb
Tue Apr 21 08:49:06 Loaded file C:\PROGRAM FILES\ORCAD\LAYOUT_PLUS\library\PCI.llb
Tue Apr 21 08:49:06 Loaded file C:\PROGRAM FILES\ORCAD\LAYOUT_PLUS\library\PCON100T.llb
Tue Apr 21 08:49:06 Loaded file C:\PROGRAM FILES\ORCAD\LAYOUT_PLUS\library\PCON156T.llb
Tue Apr 21 08:49:06 Loaded file C:\PROGRAM FILES\ORCAD\LAYOUT_PLUS\library\PGA.llb
Tue Apr 21 08:49:06 Loaded file C:\PROGRAM FILES\ORCAD\LAYOUT_PLUS\library\PLCC.llb
Tue Apr 21 08:49:06 Loaded file C:\PROGRAM FILES\ORCAD\LAYOUT_PLUS\library\PC104.llb
Tue Apr 21 08:49:06 Loaded file C:\PROGRAM FILES\ORCAD\LAYOUT_PLUS\library\PCI.llb
Tue Apr 21 08:49:06 Loaded file C:\PROGRAM FILES\ORCAD\LAYOUT_PLUS\library\PCON100T.llb
Tue Apr 21 08:49:06 Loaded file C:\PROGRAM FILES\ORCAD\LAYOUT_PLUS\library\PCON156T.llb
Tue Apr 21 08:49:06 Loaded file C:\PROGRAM FILES\ORCAD\LAYOUT_PLUS\library\PGA.llb
Tue Apr 21 08:49:06 Loaded file C:\PROGRAM FILES\ORCAD\LAYOUT_PLUS\library\PLCC.llb
Tue Apr 21 08:49:39 Loaded file D:\PROJECT LED CUBE\VE LAI\IC_MO_RONG.MAX
Tue Apr 21 08:49:50 Loaded file C:\Program Files\Orcad\Layout_Plus\data\template.imp
Tue Apr 21 08:49:50 Loaded file C:\Program Files\Orcad\Layout_Plus\data\template.imp
Tue Apr 21 08:49:50 Footprint coords will be rounded to nearest base unit.
Tue Apr 21 08:49:50 Footprint coords will be rounded to nearest base unit.
Tue Apr 21 08:49:50 Footprint coords will be rounded to nearest base unit.
Tue Apr 21 08:49:50 Footprint coords will be rounded to nearest base unit.
Tue Apr 21 08:49:50 Footprint coords will be rounded to nearest base unit.
Tue Apr 21 08:49:50 Footprint coords will be rounded to nearest base unit.
Tue Apr 21 08:49:50 Footprint coords will be rounded to nearest base unit.
Tue Apr 21 08:49:50 Footprint coords will be rounded to nearest base unit.
Tue Apr 21 08:49:50 Footprint coords will be rounded to nearest base unit.
Tue Apr 21 08:49:50 Footprint coords will be rounded to nearest base unit.
Tue Apr 21 08:49:50 Footprint coords will be rounded to nearest base unit.
Tue Apr 21 08:49:50 Footprint coords will be rounded to nearest base unit.
Tue Apr 21 08:49:50 Footprint coords will be rounded to nearest base unit.
Tue Apr 21 08:49:50 Footprint coords will be rounded to nearest base unit.
Tue Apr 21 08:49:50 Footprint coords will be rounded to nearest base unit.
Tue Apr 21 08:49:50 Footprint coords will be rounded to nearest base unit.
Tue Apr 21 08:49:50 Footprint coords will be rounded to nearest base unit.
Tue Apr 21 08:49:50 Footprint coords will be rounded to nearest base unit.
Tue Apr 21 08:49:50 Footprint coords will be rounded to nearest base unit.
Tue Apr 21 08:49:50 Footprint coords will be rounded to nearest base unit.
Tue Apr 21 08:49:50 Footprint coords will be rounded to nearest base unit.
Tue Apr 21 08:49:50 Footprint coords will be rounded to nearest base unit.
Tue Apr 21 08:49:50 Footprint coords will be rounded to nearest base unit.
Tue Apr 21 08:49:50 Footprint coords will be rounded to nearest base unit.
Tue Apr 21 08:49:50 Footprint coords will be rounded to nearest base unit.
Tue Apr 21 08:49:50 Footprint coords will be rounded to nearest base unit.
Tue Apr 21 08:49:50 Footprint coords will be rounded to nearest base unit.
Tue Apr 21 08:49:50 Footprint coords will be rounded to nearest base unit.
Tue Apr 21 08:49:50 Footprint coords will be rounded to nearest base unit.
Tue Apr 21 08:49:50 Footprint coords will be rounded to nearest base unit.
Tue Apr 21 08:49:50 Footprint coords will be rounded to nearest base unit.
Tue Apr 21 08:49:50 Footprint coords will be rounded to nearest base unit.
Tue Apr 21 08:49:50 Loaded file C:\Program Files\Orcad\Layout_Plus\data\template.imp
Tue Apr 21 08:49:50 Footprint coords will be rounded to nearest base unit.
Tue Apr 21 08:49:50 Footprint coords will be rounded to nearest base unit.
Tue Apr 21 08:49:50 Footprint coords will be rounded to nearest base unit.
Tue Apr 21 08:49:50 Footprint coords will be rounded to nearest base unit.
Tue Apr 21 08:49:50 Footprint coords will be rounded to nearest base unit.
Tue Apr 21 08:49:50 Footprint coords will be rounded to nearest base unit.
Tue Apr 21 08:49:50 Footprint coords will be rounded to nearest base unit.
Tue Apr 21 08:49:50 Footprint coords will be rounded to nearest base unit.
Tue Apr 21 08:49:50 Footprint coords will be rounded to nearest base unit.
Tue Apr 21 08:49:50 Footprint coords will be rounded to nearest base unit.
Tue Apr 21 08:49:50 Footprint coords will be rounded to nearest base unit.
Tue Apr 21 08:49:50 Footprint coords will be rounded to nearest base unit.
Tue Apr 21 08:49:50 Footprint coords will be rounded to nearest base unit.
Tue Apr 21 08:49:50 Footprint coords will be rounded to nearest base unit.
Tue Apr 21 08:49:50 Footprint coords will be rounded to nearest base unit.
Tue Apr 21 08:49:50 Footprint coords will be rounded to nearest base unit.
Tue Apr 21 08:49:50 Footprint coords will be rounded to nearest base unit.
Tue Apr 21 08:49:50 Footprint coords will be rounded to nearest base unit.
Tue Apr 21 08:49:50 Footprint coords will be rounded to nearest base unit.
Tue Apr 21 08:49:50 Footprint coords will be rounded to nearest base unit.
Tue Apr 21 08:49:50 Footprint coords will be rounded to nearest base unit.
Tue Apr 21 08:49:50 Footprint coords will be rounded to nearest base unit.
Tue Apr 21 08:49:50 Footprint coords will be rounded to nearest base unit.
Tue Apr 21 08:49:50 Footprint coords will be rounded to nearest base unit.
Tue Apr 21 08:49:50 Footprint coords will be rounded to nearest base unit.
Tue Apr 21 08:49:50 Footprint coords will be rounded to nearest base unit.
Tue Apr 21 08:49:50 Footprint coords will be rounded to nearest base unit.
Tue Apr 21 08:49:50 Footprint coords will be rounded to nearest base unit.
Tue Apr 21 08:49:50 Footprint coords will be rounded to nearest base unit.
Tue Apr 21 08:49:50 Footprint coords will be rounded to nearest base unit.
Tue Apr 21 08:49:50 Footprint coords will be rounded to nearest base unit.
Tue Apr 21 08:49:50 Footprint coords will be rounded to nearest base unit.
Tue Apr 21 08:49:50 Loaded file C:\Program Files\Orcad\Layout_Plus\data\template.imp
Tue Apr 21 08:49:52 Loaded file D:\THU+VIEN+ORCAD+FULL\THU VIEN ORCAD FULL\LAYOUT FULL\CAP.LLB
Tue Apr 21 08:49:53 Loaded file D:\THU+VIEN+ORCAD+FULL\THU VIEN ORCAD FULL\LAYOUT FULL\PAYITFORWARD_FOOTPRINT_10082012.LLB
Tue Apr 21 08:50:13 Loaded file C:\Program Files\Orcad\Layout_Plus\data\template.imp
Tue Apr 21 08:50:15 Footprint coords will be rounded to nearest base unit.
Tue Apr 21 08:50:15 Footprint coords will be rounded to nearest base unit.
Tue Apr 21 08:50:15 Footprint coords will be rounded to nearest base unit.
Tue Apr 21 08:50:15 Footprint coords will be rounded to nearest base unit.
Tue Apr 21 08:50:15 Footprint coords will be rounded to nearest base unit.
Tue Apr 21 08:50:15 Footprint coords will be rounded to nearest base unit.
Tue Apr 21 08:50:15 Footprint coords will be rounded to nearest base unit.
Tue Apr 21 08:50:15 Footprint coords will be rounded to nearest base unit.
Tue Apr 21 08:50:15 Footprint coords will be rounded to nearest base unit.
Tue Apr 21 08:50:15 Footprint coords will be rounded to nearest base unit.
Tue Apr 21 08:50:15 Footprint coords will be rounded to nearest base unit.
Tue Apr 21 08:50:15 Footprint coords will be rounded to nearest base unit.
Tue Apr 21 08:50:15 Footprint coords will be rounded to nearest base unit.
Tue Apr 21 08:50:15 Footprint coords will be rounded to nearest base unit.
Tue Apr 21 08:50:15 Footprint coords will be rounded to nearest base unit.
Tue Apr 21 08:50:15 Footprint coords will be rounded to nearest base unit.
Tue Apr 21 08:50:15 Footprint coords will be rounded to nearest base unit.
Tue Apr 21 08:50:15 Footprint coords will be rounded to nearest base unit.
Tue Apr 21 08:50:15 Footprint coords will be rounded to nearest base unit.
Tue Apr 21 08:50:15 Footprint coords will be rounded to nearest base unit.
Tue Apr 21 08:50:15 Footprint coords will be rounded to nearest base unit.
Tue Apr 21 08:50:15 Footprint coords will be rounded to nearest base unit.
Tue Apr 21 08:50:15 Footprint coords will be rounded to nearest base unit.
Tue Apr 21 08:50:15 Footprint coords will be rounded to nearest base unit.
Tue Apr 21 08:50:15 Footprint coords will be rounded to nearest base unit.
Tue Apr 21 08:50:15 Footprint coords will be rounded to nearest base unit.
Tue Apr 21 08:50:15 Footprint coords will be rounded to nearest base unit.
Tue Apr 21 08:50:15 Footprint coords will be rounded to nearest base unit.
Tue Apr 21 08:50:29 Loaded file C:\Program Files\Orcad\Layout_Plus\data\template.imp
Tue Apr 21 08:50:29 Loaded file C:\Program Files\Orcad\Layout_Plus\data\template.imp
Tue Apr 21 08:50:29 Footprint coords will be rounded to nearest base unit.
Tue Apr 21 08:50:29 Footprint coords will be rounded to nearest base unit.
Tue Apr 21 08:50:29 Footprint coords will be rounded to nearest base unit.
Tue Apr 21 08:50:29 Footprint coords will be rounded to nearest base unit.
Tue Apr 21 08:50:29 Footprint coords will be rounded to nearest base unit.
Tue Apr 21 08:50:29 Footprint coords will be rounded to nearest base unit.
Tue Apr 21 08:50:29 Footprint coords will be rounded to nearest base unit.
Tue Apr 21 08:50:29 Footprint coords will be rounded to nearest base unit.
Tue Apr 21 08:50:29 Footprint coords will be rounded to nearest base unit.
Tue Apr 21 08:50:29 Footprint coords will be rounded to nearest base unit.
Tue Apr 21 08:50:29 Footprint coords will be rounded to nearest base unit.
Tue Apr 21 08:50:29 Footprint coords will be rounded to nearest base unit.
Tue Apr 21 08:50:29 Footprint coords will be rounded to nearest base unit.
Tue Apr 21 08:50:29 Footprint coords will be rounded to nearest base unit.
Tue Apr 21 08:50:29 Footprint coords will be rounded to nearest base unit.
Tue Apr 21 08:50:29 Footprint coords will be rounded to nearest base unit.
Tue Apr 21 08:50:29 Footprint coords will be rounded to nearest base unit.
Tue Apr 21 08:50:29 Footprint coords will be rounded to nearest base unit.
Tue Apr 21 08:50:29 Footprint coords will be rounded to nearest base unit.
Tue Apr 21 08:50:29 Footprint coords will be rounded to nearest base unit.
Tue Apr 21 08:50:29 Footprint coords will be rounded to nearest base unit.
Tue Apr 21 08:50:29 Footprint coords will be rounded to nearest base unit.
Tue Apr 21 08:50:29 Footprint coords will be rounded to nearest base unit.
Tue Apr 21 08:50:29 Footprint coords will be rounded to nearest base unit.
Tue Apr 21 08:50:29 Footprint coords will be rounded to nearest base unit.
Tue Apr 21 08:50:29 Footprint coords will be rounded to nearest base unit.
Tue Apr 21 08:50:29 Footprint coords will be rounded to nearest base unit.
Tue Apr 21 08:50:29 Footprint coords will be rounded to nearest base unit.
Tue Apr 21 08:50:29 Footprint coords will be rounded to nearest base unit.
Tue Apr 21 08:50:29 Footprint coords will be rounded to nearest base unit.
Tue Apr 21 08:50:29 Footprint coords will be rounded to nearest base unit.
Tue Apr 21 08:50:29 Footprint coords will be rounded to nearest base unit.
Tue Apr 21 08:50:29 Loaded file C:\Program Files\Orcad\Layout_Plus\data\template.imp
Tue Apr 21 08:50:29 Footprint coords will be rounded to nearest base unit.
Tue Apr 21 08:50:29 Footprint coords will be rounded to nearest base unit.
Tue Apr 21 08:50:29 Footprint coords will be rounded to nearest base unit.
Tue Apr 21 08:50:29 Footprint coords will be rounded to nearest base unit.
Tue Apr 21 08:50:29 Footprint coords will be rounded to nearest base unit.
Tue Apr 21 08:50:29 Footprint coords will be rounded to nearest base unit.
Tue Apr 21 08:50:29 Footprint coords will be rounded to nearest base unit.
Tue Apr 21 08:50:29 Footprint coords will be rounded to nearest base unit.
Tue Apr 21 08:50:29 Footprint coords will be rounded to nearest base unit.
Tue Apr 21 08:50:29 Footprint coords will be rounded to nearest base unit.
Tue Apr 21 08:50:29 Footprint coords will be rounded to nearest base unit.
Tue Apr 21 08:50:29 Footprint coords will be rounded to nearest base unit.
Tue Apr 21 08:50:29 Footprint coords will be rounded to nearest base unit.
Tue Apr 21 08:50:29 Footprint coords will be rounded to nearest base unit.
Tue Apr 21 08:50:29 Footprint coords will be rounded to nearest base unit.
Tue Apr 21 08:50:29 Footprint coords will be rounded to nearest base unit.
Tue Apr 21 08:50:29 Footprint coords will be rounded to nearest base unit.
Tue Apr 21 08:50:29 Footprint coords will be rounded to nearest base unit.
Tue Apr 21 08:50:29 Footprint coords will be rounded to nearest base unit.
Tue Apr 21 08:50:29 Footprint coords will be rounded to nearest base unit.
Tue Apr 21 08:50:29 Footprint coords will be rounded to nearest base unit.
Tue Apr 21 08:50:29 Footprint coords will be rounded to nearest base unit.
Tue Apr 21 08:50:29 Footprint coords will be rounded to nearest base unit.
Tue Apr 21 08:50:30 Footprint coords will be rounded to nearest base unit.
Tue Apr 21 08:50:30 Footprint coords will be rounded to nearest base unit.
Tue Apr 21 08:50:30 Footprint coords will be rounded to nearest base unit.
Tue Apr 21 08:50:30 Footprint coords will be rounded to nearest base unit.
Tue Apr 21 08:50:30 Footprint coords will be rounded to nearest base unit.
Tue Apr 21 08:50:30 Footprint coords will be rounded to nearest base unit.
Tue Apr 21 08:50:30 Footprint coords will be rounded to nearest base unit.
Tue Apr 21 08:50:30 Footprint coords will be rounded to nearest base unit.
Tue Apr 21 08:50:30 Footprint coords will be rounded to nearest base unit.
Tue Apr 21 08:50:30 Loaded file C:\Program Files\Orcad\Layout_Plus\data\template.imp
Tue Apr 21 08:50:31 Loaded file D:\THU+VIEN+ORCAD+FULL\THU VIEN ORCAD FULL\LAYOUT FULL\CAPITOR.LLB
Tue Apr 21 08:50:31 Loaded file D:\THU+VIEN+ORCAD+FULL\THU VIEN ORCAD FULL\LAYOUT FULL\PAYITFORWARD_FOOTPRINT_10082012.LLB
Tue Apr 21 08:50:35 Loaded file C:\Program Files\Orcad\Layout_Plus\data\template.imp
Tue Apr 21 08:50:37 Footprint coords will be rounded to nearest base unit.
Tue Apr 21 08:50:37 Footprint coords will be rounded to nearest base unit.
Tue Apr 21 08:50:37 Footprint coords will be rounded to nearest base unit.
Tue Apr 21 08:50:37 Footprint coords will be rounded to nearest base unit.
Tue Apr 21 08:50:37 Footprint coords will be rounded to nearest base unit.
Tue Apr 21 08:50:37 Footprint coords will be rounded to nearest base unit.
Tue Apr 21 08:50:37 Footprint coords will be rounded to nearest base unit.
Tue Apr 21 08:50:37 Footprint coords will be rounded to nearest base unit.
Tue Apr 21 08:50:37 Footprint coords will be rounded to nearest base unit.
Tue Apr 21 08:50:37 Footprint coords will be rounded to nearest base unit.
Tue Apr 21 08:50:37 Footprint coords will be rounded to nearest base unit.
Tue Apr 21 08:50:37 Footprint coords will be rounded to nearest base unit.
Tue Apr 21 08:50:37 Footprint coords will be rounded to nearest base unit.
Tue Apr 21 08:50:37 Footprint coords will be rounded to nearest base unit.
Tue Apr 21 08:50:37 Footprint coords will be rounded to nearest base unit.
Tue Apr 21 08:50:37 Footprint coords will be rounded to nearest base unit.
Tue Apr 21 08:50:37 Footprint coords will be rounded to nearest base unit.
Tue Apr 21 08:50:37 Footprint coords will be rounded to nearest base unit.
Tue Apr 21 08:50:38 Footprint coords will be rounded to nearest base unit.
Tue Apr 21 08:50:38 Footprint coords will be rounded to nearest base unit.
Tue Apr 21 08:50:38 Footprint coords will be rounded to nearest base unit.
Tue Apr 21 08:50:38 Footprint coords will be rounded to nearest base unit.
Tue Apr 21 08:50:38 Footprint coords will be rounded to nearest base unit.
Tue Apr 21 08:50:38 Footprint coords will be rounded to nearest base unit.
Tue Apr 21 08:50:38 Footprint coords will be rounded to nearest base unit.
Tue Apr 21 08:50:38 Footprint coords will be rounded to nearest base unit.
Tue Apr 21 08:50:38 Footprint coords will be rounded to nearest base unit.
Tue Apr 21 08:50:38 Footprint coords will be rounded to nearest base unit.
Tue Apr 21 08:59:58 Loaded file C:\Program Files\Orcad\Layout_Plus\data\template.imp
Tue Apr 21 08:59:58 Loaded file C:\Program Files\Orcad\Layout_Plus\data\template.imp
Tue Apr 21 08:59:58 Footprint coords will be rounded to nearest base unit.
Tue Apr 21 08:59:58 Footprint coords will be rounded to nearest base unit.
Tue Apr 21 08:59:58 Footprint coords will be rounded to nearest base unit.
Tue Apr 21 08:59:58 Footprint coords will be rounded to nearest base unit.
Tue Apr 21 08:59:58 Footprint coords will be rounded to nearest base unit.
Tue Apr 21 08:59:58 Footprint coords will be rounded to nearest base unit.
Tue Apr 21 08:59:58 Footprint coords will be rounded to nearest base unit.
Tue Apr 21 08:59:58 Footprint coords will be rounded to nearest base unit.
Tue Apr 21 08:59:58 Footprint coords will be rounded to nearest base unit.
Tue Apr 21 08:59:58 Footprint coords will be rounded to nearest base unit.
Tue Apr 21 08:59:58 Footprint coords will be rounded to nearest base unit.
Tue Apr 21 08:59:58 Loaded file C:\Program Files\Orcad\Layout_Plus\data\template.imp
Tue Apr 21 08:59:58 Footprint coords will be rounded to nearest base unit.
Tue Apr 21 08:59:58 Footprint coords will be rounded to nearest base unit.
Tue Apr 21 08:59:58 Footprint coords will be rounded to nearest base unit.
Tue Apr 21 08:59:58 Footprint coords will be rounded to nearest base unit.
Tue Apr 21 08:59:58 Footprint coords will be rounded to nearest base unit.
Tue Apr 21 08:59:58 Footprint coords will be rounded to nearest base unit.
Tue Apr 21 08:59:58 Footprint coords will be rounded to nearest base unit.
Tue Apr 21 08:59:58 Footprint coords will be rounded to nearest base unit.
Tue Apr 21 08:59:58 Footprint coords will be rounded to nearest base unit.
Tue Apr 21 08:59:58 Footprint coords will be rounded to nearest base unit.
Tue Apr 21 08:59:58 Footprint coords will be rounded to nearest base unit.
Tue Apr 21 08:59:58 Loaded file C:\Program Files\Orcad\Layout_Plus\data\template.imp
Tue Apr 21 08:59:59 Loaded file D:\THU+VIEN+ORCAD+FULL\THU VIEN ORCAD FULL\LAYOUT FULL\BUTTON.LLB
Tue Apr 21 09:00:00 Loaded file D:\THU+VIEN+ORCAD+FULL\THU VIEN ORCAD FULL\LAYOUT FULL\PAYITFORWARD_FOOTPRINT_10082012.LLB
Tue Apr 21 09:00:03 Loaded file C:\Program Files\Orcad\Layout_Plus\data\template.imp
Tue Apr 21 09:00:05 Loaded file C:\Program Files\Orcad\Layout_Plus\data\template.imp
Tue Apr 21 09:00:08 Footprint coords will be rounded to nearest base unit.
Tue Apr 21 09:00:08 Footprint coords will be rounded to nearest base unit.
Tue Apr 21 09:00:08 Footprint coords will be rounded to nearest base unit.
Tue Apr 21 09:00:08 Footprint coords will be rounded to nearest base unit.
Tue Apr 21 09:00:08 Footprint coords will be rounded to nearest base unit.
Tue Apr 21 09:00:08 Footprint coords will be rounded to nearest base unit.
Tue Apr 21 09:00:08 Footprint coords will be rounded to nearest base unit.
Tue Apr 21 09:00:08 Footprint coords will be rounded to nearest base unit.
Tue Apr 21 09:00:08 Footprint coords will be rounded to nearest base unit.
Tue Apr 21 09:00:08 Footprint coords will be rounded to nearest base unit.
Tue Apr 21 09:00:08 Footprint coords will be rounded to nearest base unit.
Tue Apr 21 09:00:08 Footprint coords will be rounded to nearest base unit.
Tue Apr 21 09:00:08 Footprint coords will be rounded to nearest base unit.
Tue Apr 21 09:00:30 Saved as file BACKUP1.MAX
Tue Apr 21 09:02:16 Loaded file C:\Program Files\Orcad\Layout_Plus\data\template.imp
Tue Apr 21 09:02:16 Loaded file C:\Program Files\Orcad\Layout_Plus\data\template.imp
Tue Apr 21 09:02:16 Footprint coords will be rounded to nearest base unit.
Tue Apr 21 09:02:16 Footprint coords will be rounded to nearest base unit.
Tue Apr 21 09:02:16 Footprint coords will be rounded to nearest base unit.
Tue Apr 21 09:02:16 Footprint coords will be rounded to nearest base unit.
Tue Apr 21 09:02:16 Footprint coords will be rounded to nearest base unit.
Tue Apr 21 09:02:16 Footprint coords will be rounded to nearest base unit.
Tue Apr 21 09:02:16 Footprint coords will be rounded to nearest base unit.
Tue Apr 21 09:02:16 Footprint coords will be rounded to nearest base unit.
Tue Apr 21 09:02:16 Footprint coords will be rounded to nearest base unit.
Tue Apr 21 09:02:16 Footprint coords will be rounded to nearest base unit.
Tue Apr 21 09:02:16 Footprint coords will be rounded to nearest base unit.
Tue Apr 21 09:02:16 Loaded file C:\Program Files\Orcad\Layout_Plus\data\template.imp
Tue Apr 21 09:02:16 Footprint coords will be rounded to nearest base unit.
Tue Apr 21 09:02:16 Footprint coords will be rounded to nearest base unit.
Tue Apr 21 09:02:16 Footprint coords will be rounded to nearest base unit.
Tue Apr 21 09:02:16 Footprint coords will be rounded to nearest base unit.
Tue Apr 21 09:02:16 Footprint coords will be rounded to nearest base unit.
Tue Apr 21 09:02:16 Footprint coords will be rounded to nearest base unit.
Tue Apr 21 09:02:16 Footprint coords will be rounded to nearest base unit.
Tue Apr 21 09:02:16 Footprint coords will be rounded to nearest base unit.
Tue Apr 21 09:02:16 Footprint coords will be rounded to nearest base unit.
Tue Apr 21 09:02:16 Footprint coords will be rounded to nearest base unit.
Tue Apr 21 09:02:16 Footprint coords will be rounded to nearest base unit.
Tue Apr 21 09:02:16 Loaded file C:\Program Files\Orcad\Layout_Plus\data\template.imp
Tue Apr 21 09:02:19 Loaded file D:\THU+VIEN+ORCAD+FULL\THU VIEN ORCAD FULL\LAYOUT FULL\BUTTON.LLB
Tue Apr 21 09:02:19 Loaded file D:\THU+VIEN+ORCAD+FULL\THU VIEN ORCAD FULL\LAYOUT FULL\PAYITFORWARD_FOOTPRINT_10082012.LLB
Tue Apr 21 09:02:22 Loaded file C:\Program Files\Orcad\Layout_Plus\data\template.imp
Tue Apr 21 09:02:24 Loaded file C:\Program Files\Orcad\Layout_Plus\data\template.imp
Tue Apr 21 09:02:26 Footprint coords will be rounded to nearest base unit.
Tue Apr 21 09:02:26 Footprint coords will be rounded to nearest base unit.
Tue Apr 21 09:02:26 Footprint coords will be rounded to nearest base unit.
Tue Apr 21 09:02:26 Footprint coords will be rounded to nearest base unit.
Tue Apr 21 09:02:26 Footprint coords will be rounded to nearest base unit.
Tue Apr 21 09:02:26 Footprint coords will be rounded to nearest base unit.
Tue Apr 21 09:02:26 Footprint coords will be rounded to nearest base unit.
Tue Apr 21 09:02:26 Footprint coords will be rounded to nearest base unit.
Tue Apr 21 09:02:26 Footprint coords will be rounded to nearest base unit.
Tue Apr 21 09:02:26 Footprint coords will be rounded to nearest base unit.
Tue Apr 21 09:02:26 Footprint coords will be rounded to nearest base unit.
Tue Apr 21 09:02:26 Footprint coords will be rounded to nearest base unit.
Tue Apr 21 09:02:26 Footprint coords will be rounded to nearest base unit.
Tue Apr 21 09:11:00 Saved as file BACKUP1.MAX
Tue Apr 21 09:21:01 Saved as file BACKUP1.MAX
Tue Apr 21 09:31:01 Saved as file BACKUP1.MAX
Tue Apr 21 09:39:47 Loaded file C:\Program Files\Orcad\Layout_Plus\data\template.imp
Tue Apr 21 09:39:47 Loaded file C:\Program Files\Orcad\Layout_Plus\data\template.imp
Tue Apr 21 09:39:47 Footprint coords will be rounded to nearest base unit.
Tue Apr 21 09:39:47 Footprint coords will be rounded to nearest base unit.
Tue Apr 21 09:39:47 Footprint coords will be rounded to nearest base unit.
Tue Apr 21 09:39:47 Footprint coords will be rounded to nearest base unit.
Tue Apr 21 09:39:47 Footprint coords will be rounded to nearest base unit.
Tue Apr 21 09:39:47 Footprint coords will be rounded to nearest base unit.
Tue Apr 21 09:39:47 Footprint coords will be rounded to nearest base unit.
Tue Apr 21 09:39:47 Footprint coords will be rounded to nearest base unit.
Tue Apr 21 09:39:47 Footprint coords will be rounded to nearest base unit.
Tue Apr 21 09:39:47 Footprint coords will be rounded to nearest base unit.
Tue Apr 21 09:39:47 Footprint coords will be rounded to nearest base unit.
Tue Apr 21 09:39:47 Footprint coords will be rounded to nearest base unit.
Tue Apr 21 09:39:47 Footprint coords will be rounded to nearest base unit.
Tue Apr 21 09:39:47 Loaded file C:\Program Files\Orcad\Layout_Plus\data\template.imp
Tue Apr 21 09:39:47 Footprint coords will be rounded to nearest base unit.
Tue Apr 21 09:39:47 Footprint coords will be rounded to nearest base unit.
Tue Apr 21 09:39:47 Footprint coords will be rounded to nearest base unit.
Tue Apr 21 09:39:47 Footprint coords will be rounded to nearest base unit.
Tue Apr 21 09:39:47 Footprint coords will be rounded to nearest base unit.
Tue Apr 21 09:39:47 Footprint coords will be rounded to nearest base unit.
Tue Apr 21 09:39:47 Footprint coords will be rounded to nearest base unit.
Tue Apr 21 09:39:47 Footprint coords will be rounded to nearest base unit.
Tue Apr 21 09:39:47 Footprint coords will be rounded to nearest base unit.
Tue Apr 21 09:39:47 Footprint coords will be rounded to nearest base unit.
Tue Apr 21 09:39:47 Footprint coords will be rounded to nearest base unit.
Tue Apr 21 09:39:47 Footprint coords will be rounded to nearest base unit.
Tue Apr 21 09:39:47 Footprint coords will be rounded to nearest base unit.
Tue Apr 21 09:39:47 Loaded file C:\Program Files\Orcad\Layout_Plus\data\template.imp
Tue Apr 21 09:39:48 Loaded file D:\THU+VIEN+ORCAD+FULL\THU VIEN ORCAD FULL\LAYOUT FULL\BUTTON.LLB
Tue Apr 21 09:39:48 Loaded file D:\THU+VIEN+ORCAD+FULL\THU VIEN ORCAD FULL\LAYOUT FULL\PAYITFORWARD_FOOTPRINT_10082012.LLB
Tue Apr 21 09:39:52 Loaded file C:\Program Files\Orcad\Layout_Plus\data\template.imp
Tue Apr 21 09:39:56 Loaded file C:\Program Files\Orcad\Layout_Plus\data\template.imp
Tue Apr 21 09:39:57 Footprint coords will be rounded to nearest base unit.
Tue Apr 21 09:39:57 Footprint coords will be rounded to nearest base unit.
Tue Apr 21 09:39:57 Footprint coords will be rounded to nearest base unit.
Tue Apr 21 09:39:57 Footprint coords will be rounded to nearest base unit.
Tue Apr 21 09:39:57 Footprint coords will be rounded to nearest base unit.
Tue Apr 21 09:39:57 Footprint coords will be rounded to nearest base unit.
Tue Apr 21 09:39:57 Footprint coords will be rounded to nearest base unit.
Tue Apr 21 09:39:57 Footprint coords will be rounded to nearest base unit.
Tue Apr 21 09:39:57 Footprint coords will be rounded to nearest base unit.
Tue Apr 21 09:39:57 Footprint coords will be rounded to nearest base unit.
Tue Apr 21 09:39:57 Footprint coords will be rounded to nearest base unit.
Tue Apr 21 09:39:57 Footprint coords will be rounded to nearest base unit.
Tue Apr 21 09:39:57 Footprint coords will be rounded to nearest base unit.
Tue Apr 21 09:39:57 Footprint coords will be rounded to nearest base unit.
Tue Apr 21 09:39:57 Footprint coords will be rounded to nearest base unit.
Tue Apr 21 09:40:01 Loaded file C:\Program Files\Orcad\Layout_Plus\data\template.imp
Tue Apr 21 09:40:01 Loaded file C:\Program Files\Orcad\Layout_Plus\data\template.imp
Tue Apr 21 09:40:01 Footprint coords will be rounded to nearest base unit.
Tue Apr 21 09:40:01 Footprint coords will be rounded to nearest base unit.
Tue Apr 21 09:40:01 Footprint coords will be rounded to nearest base unit.
Tue Apr 21 09:40:01 Footprint coords will be rounded to nearest base unit.
Tue Apr 21 09:40:01 Footprint coords will be rounded to nearest base unit.
Tue Apr 21 09:40:01 Footprint coords will be rounded to nearest base unit.
Tue Apr 21 09:40:01 Footprint coords will be rounded to nearest base unit.
Tue Apr 21 09:40:01 Footprint coords will be rounded to nearest base unit.
Tue Apr 21 09:40:01 Footprint coords will be rounded to nearest base unit.
Tue Apr 21 09:40:01 Footprint coords will be rounded to nearest base unit.
Tue Apr 21 09:40:01 Footprint coords will be rounded to nearest base unit.
Tue Apr 21 09:40:01 Loaded file C:\Program Files\Orcad\Layout_Plus\data\template.imp
Tue Apr 21 09:40:01 Footprint coords will be rounded to nearest base unit.
Tue Apr 21 09:40:01 Footprint coords will be rounded to nearest base unit.
Tue Apr 21 09:40:01 Footprint coords will be rounded to nearest base unit.
Tue Apr 21 09:40:01 Footprint coords will be rounded to nearest base unit.
Tue Apr 21 09:40:01 Footprint coords will be rounded to nearest base unit.
Tue Apr 21 09:40:01 Footprint coords will be rounded to nearest base unit.
Tue Apr 21 09:40:01 Footprint coords will be rounded to nearest base unit.
Tue Apr 21 09:40:01 Footprint coords will be rounded to nearest base unit.
Tue Apr 21 09:40:01 Footprint coords will be rounded to nearest base unit.
Tue Apr 21 09:40:01 Footprint coords will be rounded to nearest base unit.
Tue Apr 21 09:40:02 Footprint coords will be rounded to nearest base unit.
Tue Apr 21 09:40:02 Loaded file C:\Program Files\Orcad\Layout_Plus\data\template.imp
Tue Apr 21 09:40:02 Loaded file D:\THU+VIEN+ORCAD+FULL\THU VIEN ORCAD FULL\LAYOUT FULL\7SEGMENT.LLB
Tue Apr 21 09:40:02 Loaded file D:\THU+VIEN+ORCAD+FULL\THU VIEN ORCAD FULL\LAYOUT FULL\PAYITFORWARD_FOOTPRINT_10082012.LLB
Tue Apr 21 09:40:07 Loaded file C:\Program Files\Orcad\Layout_Plus\data\template.imp
Tue Apr 21 09:40:09 Loaded file C:\Program Files\Orcad\Layout_Plus\data\template.imp
Tue Apr 21 09:40:12 Footprint coords will be rounded to nearest base unit.
Tue Apr 21 09:40:12 Footprint coords will be rounded to nearest base unit.
Tue Apr 21 09:40:12 Footprint coords will be rounded to nearest base unit.
Tue Apr 21 09:40:12 Footprint coords will be rounded to nearest base unit.
Tue Apr 21 09:40:12 Footprint coords will be rounded to nearest base unit.
Tue Apr 21 09:40:12 Footprint coords will be rounded to nearest base unit.
Tue Apr 21 09:40:12 Footprint coords will be rounded to nearest base unit.
Tue Apr 21 09:40:12 Footprint coords will be rounded to nearest base unit.
Tue Apr 21 09:40:12 Footprint coords will be rounded to nearest base unit.
Tue Apr 21 09:40:12 Footprint coords will be rounded to nearest base unit.
Tue Apr 21 09:40:12 Footprint coords will be rounded to nearest base unit.
Tue Apr 21 09:40:12 Footprint coords will be rounded to nearest base unit.
Tue Apr 21 09:40:12 Footprint coords will be rounded to nearest base unit.
Tue Apr 21 09:40:46 Loaded file C:\Program Files\Orcad\Layout_Plus\data\template.imp
Tue Apr 21 09:40:46 Loaded file C:\Program Files\Orcad\Layout_Plus\data\template.imp
Tue Apr 21 09:40:46 Footprint coords will be rounded to nearest base unit.
Tue Apr 21 09:40:46 Footprint coords will be rounded to nearest base unit.
Tue Apr 21 09:40:46 Footprint coords will be rounded to nearest base unit.
Tue Apr 21 09:40:46 Footprint coords will be rounded to nearest base unit.
Tue Apr 21 09:40:46 Footprint coords will be rounded to nearest base unit.
Tue Apr 21 09:40:46 Footprint coords will be rounded to nearest base unit.
Tue Apr 21 09:40:46 Footprint coords will be rounded to nearest base unit.
Tue Apr 21 09:40:46 Footprint coords will be rounded to nearest base unit.
Tue Apr 21 09:40:46 Footprint coords will be rounded to nearest base unit.
Tue Apr 21 09:40:46 Footprint coords will be rounded to nearest base unit.
Tue Apr 21 09:40:46 Footprint coords will be rounded to nearest base unit.
Tue Apr 21 09:40:46 Footprint coords will be rounded to nearest base unit.
Tue Apr 21 09:40:46 Footprint coords will be rounded to nearest base unit.
Tue Apr 21 09:40:46 Loaded file C:\Program Files\Orcad\Layout_Plus\data\template.imp
Tue Apr 21 09:40:46 Footprint coords will be rounded to nearest base unit.
Tue Apr 21 09:40:46 Footprint coords will be rounded to nearest base unit.
Tue Apr 21 09:40:46 Footprint coords will be rounded to nearest base unit.
Tue Apr 21 09:40:46 Footprint coords will be rounded to nearest base unit.
Tue Apr 21 09:40:46 Footprint coords will be rounded to nearest base unit.
Tue Apr 21 09:40:46 Footprint coords will be rounded to nearest base unit.
Tue Apr 21 09:40:46 Footprint coords will be rounded to nearest base unit.
Tue Apr 21 09:40:46 Footprint coords will be rounded to nearest base unit.
Tue Apr 21 09:40:46 Footprint coords will be rounded to nearest base unit.
Tue Apr 21 09:40:46 Footprint coords will be rounded to nearest base unit.
Tue Apr 21 09:40:46 Footprint coords will be rounded to nearest base unit.
Tue Apr 21 09:40:46 Footprint coords will be rounded to nearest base unit.
Tue Apr 21 09:40:46 Footprint coords will be rounded to nearest base unit.
Tue Apr 21 09:40:46 Loaded file C:\Program Files\Orcad\Layout_Plus\data\template.imp
Tue Apr 21 09:40:48 Footprint coords will be rounded to nearest base unit.
Tue Apr 21 09:40:48 Footprint coords will be rounded to nearest base unit.
Tue Apr 21 09:40:48 Footprint coords will be rounded to nearest base unit.
Tue Apr 21 09:40:48 Footprint coords will be rounded to nearest base unit.
Tue Apr 21 09:40:48 Footprint coords will be rounded to nearest base unit.
Tue Apr 21 09:40:48 Footprint coords will be rounded to nearest base unit.
Tue Apr 21 09:40:48 Footprint coords will be rounded to nearest base unit.
Tue Apr 21 09:40:48 Footprint coords will be rounded to nearest base unit.
Tue Apr 21 09:40:48 Footprint coords will be rounded to nearest base unit.
Tue Apr 21 09:40:48 Footprint coords will be rounded to nearest base unit.
Tue Apr 21 09:40:48 Footprint coords will be rounded to nearest base unit.
Tue Apr 21 09:40:48 Footprint coords will be rounded to nearest base unit.
Tue Apr 21 09:40:48 Footprint coords will be rounded to nearest base unit.
Tue Apr 21 09:40:48 Loaded file C:\Program Files\Orcad\Layout_Plus\data\template.imp
Tue Apr 21 09:40:55 Loaded file C:\Program Files\Orcad\Layout_Plus\data\template.imp
Tue Apr 21 09:40:55 Loaded file C:\Program Files\Orcad\Layout_Plus\data\template.imp
Tue Apr 21 09:40:55 Footprint coords will be rounded to nearest base unit.
Tue Apr 21 09:40:55 Footprint coords will be rounded to nearest base unit.
Tue Apr 21 09:40:55 Footprint coords will be rounded to nearest base unit.
Tue Apr 21 09:40:55 Footprint coords will be rounded to nearest base unit.
Tue Apr 21 09:40:55 Footprint coords will be rounded to nearest base unit.
Tue Apr 21 09:40:55 Footprint coords will be rounded to nearest base unit.
Tue Apr 21 09:40:55 Footprint coords will be rounded to nearest base unit.
Tue Apr 21 09:40:55 Footprint coords will be rounded to nearest base unit.
Tue Apr 21 09:40:55 Footprint coords will be rounded to nearest base unit.
Tue Apr 21 09:40:55 Footprint coords will be rounded to nearest base unit.
Tue Apr 21 09:40:55 Footprint coords will be rounded to nearest base unit.
Tue Apr 21 09:40:55 Footprint coords will be rounded to nearest base unit.
Tue Apr 21 09:40:55 Footprint coords will be rounded to nearest base unit.
Tue Apr 21 09:40:55 Footprint coords will be rounded to nearest base unit.
Tue Apr 21 09:40:55 Footprint coords will be rounded to nearest base unit.
Tue Apr 21 09:40:55 Loaded file C:\Program Files\Orcad\Layout_Plus\data\template.imp
Tue Apr 21 09:40:55 Footprint coords will be rounded to nearest base unit.
Tue Apr 21 09:40:55 Footprint coords will be rounded to nearest base unit.
Tue Apr 21 09:40:55 Footprint coords will be rounded to nearest base unit.
Tue Apr 21 09:40:55 Footprint coords will be rounded to nearest base unit.
Tue Apr 21 09:40:55 Footprint coords will be rounded to nearest base unit.
Tue Apr 21 09:40:55 Footprint coords will be rounded to nearest base unit.
Tue Apr 21 09:40:55 Footprint coords will be rounded to nearest base unit.
Tue Apr 21 09:40:55 Footprint coords will be rounded to nearest base unit.
Tue Apr 21 09:40:55 Footprint coords will be rounded to nearest base unit.
Tue Apr 21 09:40:55 Footprint coords will be rounded to nearest base unit.
Tue Apr 21 09:40:55 Footprint coords will be rounded to nearest base unit.
Tue Apr 21 09:40:55 Footprint coords will be rounded to nearest base unit.
Tue Apr 21 09:40:55 Footprint coords will be rounded to nearest base unit.
Tue Apr 21 09:40:55 Footprint coords will be rounded to nearest base unit.
Tue Apr 21 09:40:55 Footprint coords will be rounded to nearest base unit.
Tue Apr 21 09:40:55 Loaded file C:\Program Files\Orcad\Layout_Plus\data\template.imp
Tue Apr 21 09:40:58 Footprint coords will be rounded to nearest base unit.
Tue Apr 21 09:40:58 Footprint coords will be rounded to nearest base unit.
Tue Apr 21 09:40:58 Footprint coords will be rounded to nearest base unit.
Tue Apr 21 09:40:58 Footprint coords will be rounded to nearest base unit.
Tue Apr 21 09:40:58 Footprint coords will be rounded to nearest base unit.
Tue Apr 21 09:40:58 Footprint coords will be rounded to nearest base unit.
Tue Apr 21 09:40:58 Footprint coords will be rounded to nearest base unit.
Tue Apr 21 09:40:58 Footprint coords will be rounded to nearest base unit.
Tue Apr 21 09:40:58 Footprint coords will be rounded to nearest base unit.
Tue Apr 21 09:40:58 Footprint coords will be rounded to nearest base unit.
Tue Apr 21 09:40:58 Footprint coords will be rounded to nearest base unit.
Tue Apr 21 09:40:58 Footprint coords will be rounded to nearest base unit.
Tue Apr 21 09:40:58 Footprint coords will be rounded to nearest base unit.
Tue Apr 21 09:40:58 Loaded file C:\Program Files\Orcad\Layout_Plus\data\template.imp
Tue Apr 21 09:41:31 Saved as file BACKUP1.MAX
Tue Apr 21 09:45:51 Loaded file C:\Program Files\Orcad\Layout_Plus\data\template.imp
Tue Apr 21 09:45:51 Loaded file C:\Program Files\Orcad\Layout_Plus\data\template.imp
Tue Apr 21 09:45:51 Footprint coords will be rounded to nearest base unit.
Tue Apr 21 09:45:51 Footprint coords will be rounded to nearest base unit.
Tue Apr 21 09:45:51 Footprint coords will be rounded to nearest base unit.
Tue Apr 21 09:45:51 Footprint coords will be rounded to nearest base unit.
Tue Apr 21 09:45:51 Footprint coords will be rounded to nearest base unit.
Tue Apr 21 09:45:51 Footprint coords will be rounded to nearest base unit.
Tue Apr 21 09:45:51 Footprint coords will be rounded to nearest base unit.
Tue Apr 21 09:45:51 Footprint coords will be rounded to nearest base unit.
Tue Apr 21 09:45:51 Footprint coords will be rounded to nearest base unit.
Tue Apr 21 09:45:51 Footprint coords will be rounded to nearest base unit.
Tue Apr 21 09:45:51 Footprint coords will be rounded to nearest base unit.
Tue Apr 21 09:45:51 Footprint coords will be rounded to nearest base unit.
Tue Apr 21 09:45:51 Footprint coords will be rounded to nearest base unit.
Tue Apr 21 09:45:51 Footprint coords will be rounded to nearest base unit.
Tue Apr 21 09:45:51 Footprint coords will be rounded to nearest base unit.
Tue Apr 21 09:45:51 Footprint coords will be rounded to nearest base unit.
Tue Apr 21 09:45:51 Loaded file C:\Program Files\Orcad\Layout_Plus\data\template.imp
Tue Apr 21 09:45:51 Footprint coords will be rounded to nearest base unit.
Tue Apr 21 09:45:51 Footprint coords will be rounded to nearest base unit.
Tue Apr 21 09:45:51 Footprint coords will be rounded to nearest base unit.
Tue Apr 21 09:45:51 Footprint coords will be rounded to nearest base unit.
Tue Apr 21 09:45:51 Footprint coords will be rounded to nearest base unit.
Tue Apr 21 09:45:51 Footprint coords will be rounded to nearest base unit.
Tue Apr 21 09:45:51 Footprint coords will be rounded to nearest base unit.
Tue Apr 21 09:45:51 Footprint coords will be rounded to nearest base unit.
Tue Apr 21 09:45:51 Footprint coords will be rounded to nearest base unit.
Tue Apr 21 09:45:51 Footprint coords will be rounded to nearest base unit.
Tue Apr 21 09:45:51 Footprint coords will be rounded to nearest base unit.
Tue Apr 21 09:45:51 Footprint coords will be rounded to nearest base unit.
Tue Apr 21 09:45:51 Footprint coords will be rounded to nearest base unit.
Tue Apr 21 09:45:51 Footprint coords will be rounded to nearest base unit.
Tue Apr 21 09:45:51 Footprint coords will be rounded to nearest base unit.
Tue Apr 21 09:45:51 Footprint coords will be rounded to nearest base unit.
Tue Apr 21 09:45:51 Loaded file C:\Program Files\Orcad\Layout_Plus\data\template.imp
Tue Apr 21 09:45:52 Loaded file D:\THU+VIEN+ORCAD+FULL\THU VIEN ORCAD FULL\LAYOUT FULL\CAP.LLB
Tue Apr 21 09:45:52 Loaded file D:\THU+VIEN+ORCAD+FULL\THU VIEN ORCAD FULL\LAYOUT FULL\PAYITFORWARD_FOOTPRINT_10082012.LLB
Tue Apr 21 09:45:55 Loaded file C:\Program Files\Orcad\Layout_Plus\data\template.imp
Tue Apr 21 09:45:58 Loaded file D:\THU+VIEN+ORCAD+FULL\THU VIEN ORCAD FULL\LAYOUT FULL\RELAY.LLB
Tue Apr 21 09:45:58 Loaded file C:\PROGRAM FILES\ORCAD\LAYOUT_PLUS\library\PC104.llb
Tue Apr 21 09:46:00 Loaded file C:\PROGRAM FILES\ORCAD\LAYOUT_PLUS\library\PC104.llb
Tue Apr 21 09:46:00 Loaded file C:\PROGRAM FILES\ORCAD\LAYOUT_PLUS\library\PCI.llb
Tue Apr 21 09:46:00 Loaded file C:\PROGRAM FILES\ORCAD\LAYOUT_PLUS\library\PCON100T.llb
Tue Apr 21 09:46:00 Loaded file C:\PROGRAM FILES\ORCAD\LAYOUT_PLUS\library\PCON156T.llb
Tue Apr 21 09:46:01 Loaded file C:\PROGRAM FILES\ORCAD\LAYOUT_PLUS\library\PGA.llb
Tue Apr 21 09:46:01 Loaded file C:\PROGRAM FILES\ORCAD\LAYOUT_PLUS\library\PLCC.llb
Tue Apr 21 09:46:01 Loaded file D:\THU+VIEN+ORCAD+FULL\THU VIEN ORCAD FULL\LAYOUT FULL\PAYITFORWARD_FOOTPRINT_10082012.LLB
Tue Apr 21 09:46:01 Loaded file D:\THU+VIEN+ORCAD+FULL\THU VIEN ORCAD FULL\LAYOUT FULL\PC_PORT.LLB
Tue Apr 21 09:46:03 Loaded file D:\THU+VIEN+ORCAD+FULL\THU VIEN ORCAD FULL\LAYOUT FULL\PAYITFORWARD_FOOTPRINT_10082012.LLB
Tue Apr 21 09:46:06 Loaded file C:\Program Files\Orcad\Layout_Plus\data\template.imp
Tue Apr 21 09:46:07 Footprint coords will be rounded to nearest base unit.
Tue Apr 21 09:46:07 Footprint coords will be rounded to nearest base unit.
Tue Apr 21 09:46:07 Footprint coords will be rounded to nearest base unit.
Tue Apr 21 09:46:07 Footprint coords will be rounded to nearest base unit.
Tue Apr 21 09:46:07 Footprint coords will be rounded to nearest base unit.
Tue Apr 21 09:46:07 Footprint coords will be rounded to nearest base unit.
Tue Apr 21 09:46:07 Footprint coords will be rounded to nearest base unit.
Tue Apr 21 09:46:07 Footprint coords will be rounded to nearest base unit.
Tue Apr 21 09:46:07 Footprint coords will be rounded to nearest base unit.
Tue Apr 21 09:46:07 Footprint coords will be rounded to nearest base unit.
Tue Apr 21 09:46:07 Footprint coords will be rounded to nearest base unit.
Tue Apr 21 09:46:07 Footprint coords will be rounded to nearest base unit.
Tue Apr 21 09:52:01 Saved as file BACKUP1.MAX
Tue Apr 21 09:59:44 Saved as file D:\PROJECT LED CUBE\VE LAI\IC_MO_RONG.MAX
Tue Apr 21 10:02:02 Saved as file BACKUP1.MAX
Tue Apr 21 10:11:44 Loaded file C:\Program Files\Orcad\Layout_Plus\data\template.imp
Tue Apr 21 10:11:44 Loaded file C:\Program Files\Orcad\Layout_Plus\data\template.imp
Tue Apr 21 10:11:46 Loaded file D:\THU+VIEN+ORCAD+FULL\THU VIEN ORCAD FULL\LAYOUT FULL\7SEGMENT.LLB
Tue Apr 21 10:11:46 Loaded file D:\THU+VIEN+ORCAD+FULL\THU VIEN ORCAD FULL\LAYOUT FULL\PAYITFORWARD_FOOTPRINT_10082012.LLB
Tue Apr 21 10:11:49 Loaded file C:\Program Files\Orcad\Layout_Plus\data\template.imp
Tue Apr 21 10:11:50 Footprint coords will be rounded to nearest base unit.
Tue Apr 21 10:11:50 Footprint coords will be rounded to nearest base unit.
Tue Apr 21 10:12:02 Saved as file BACKUP1.MAX
Tue Apr 21 10:17:29 Loaded file C:\Program Files\Orcad\Layout_Plus\data\template.imp
Tue Apr 21 10:17:29 Loaded file C:\Program Files\Orcad\Layout_Plus\data\template.imp
Tue Apr 21 10:17:30 Loaded file D:\THU+VIEN+ORCAD+FULL\THU VIEN ORCAD FULL\LAYOUT FULL\7SEGMENT.LLB
Tue Apr 21 10:17:30 Loaded file D:\THU+VIEN+ORCAD+FULL\THU VIEN ORCAD FULL\LAYOUT FULL\PAYITFORWARD_FOOTPRINT_10082012.LLB
Tue Apr 21 10:17:33 Loaded file C:\Program Files\Orcad\Layout_Plus\data\template.imp
Tue Apr 21 10:17:36 Footprint coords will be rounded to nearest base unit.
Tue Apr 21 10:17:36 Footprint coords will be rounded to nearest base unit.
Tue Apr 21 10:22:32 Saved as file BACKUP1.MAX
Tue Apr 21 10:32:41 Loaded file C:\Program Files\Orcad\Layout_Plus\data\template.imp
Tue Apr 21 10:32:41 Loaded file C:\Program Files\Orcad\Layout_Plus\data\template.imp
Tue Apr 21 10:32:41 Footprint coords will be rounded to nearest base unit.
Tue Apr 21 10:32:41 Footprint coords will be rounded to nearest base unit.
Tue Apr 21 10:32:41 Loaded file C:\Program Files\Orcad\Layout_Plus\data\template.imp
Tue Apr 21 10:32:41 Footprint coords will be rounded to nearest base unit.
Tue Apr 21 10:32:41 Footprint coords will be rounded to nearest base unit.
Tue Apr 21 10:32:41 Loaded file C:\Program Files\Orcad\Layout_Plus\data\template.imp
Tue Apr 21 10:32:42 Loaded file D:\THU+VIEN+ORCAD+FULL\THU VIEN ORCAD FULL\LAYOUT FULL\7SEGMENT.LLB
Tue Apr 21 10:32:42 Loaded file D:\THU+VIEN+ORCAD+FULL\THU VIEN ORCAD FULL\LAYOUT FULL\PAYITFORWARD_FOOTPRINT_10082012.LLB
Tue Apr 21 10:32:43 Loaded file D:\THU+VIEN+ORCAD+FULL\THU VIEN ORCAD FULL\LAYOUT FULL\PC_PORT.LLB
Tue Apr 21 10:32:44 Loaded file C:\PROGRAM FILES\ORCAD\LAYOUT_PLUS\library\PC104.llb
Tue Apr 21 10:32:44 Loaded file C:\PROGRAM FILES\ORCAD\LAYOUT_PLUS\library\PCI.llb
Tue Apr 21 10:32:44 Loaded file C:\PROGRAM FILES\ORCAD\LAYOUT_PLUS\library\PCON100T.llb
Tue Apr 21 10:32:44 Loaded file C:\PROGRAM FILES\ORCAD\LAYOUT_PLUS\library\PCON156T.llb
Tue Apr 21 10:32:45 Loaded file C:\PROGRAM FILES\ORCAD\LAYOUT_PLUS\library\PGA.llb
Tue Apr 21 10:32:49 Footprint coords will be rounded to nearest base unit.
Tue Apr 21 10:32:49 Footprint coords will be rounded to nearest base unit.
Tue Apr 21 10:32:49 Loaded file C:\Program Files\Orcad\Layout_Plus\data\template.imp
Tue Apr 21 10:32:50 Footprint coords will be rounded to nearest base unit.
Tue Apr 21 10:32:50 Footprint coords will be rounded to nearest base unit.
Tue Apr 21 10:32:50 Loaded file C:\Program Files\Orcad\Layout_Plus\data\template.imp
Tue Apr 21 10:32:50 Footprint coords will be rounded to nearest base unit.
Tue Apr 21 10:32:50 Footprint coords will be rounded to nearest base unit.
Tue Apr 21 10:32:50 Loaded file C:\Program Files\Orcad\Layout_Plus\data\template.imp
Tue Apr 21 10:32:51 Footprint coords will be rounded to nearest base unit.
Tue Apr 21 10:32:51 Footprint coords will be rounded to nearest base unit.
Tue Apr 21 10:32:51 Loaded file C:\Program Files\Orcad\Layout_Plus\data\template.imp
Tue Apr 21 10:32:52 Loaded file C:\Program Files\Orcad\Layout_Plus\data\template.imp
Tue Apr 21 10:32:52 Loaded file C:\Program Files\Orcad\Layout_Plus\data\template.imp
Tue Apr 21 10:32:52 Footprint coords will be rounded to nearest base unit.
Tue Apr 21 10:32:52 Footprint coords will be rounded to nearest base unit.
Tue Apr 21 10:32:52 Loaded file C:\Program Files\Orcad\Layout_Plus\data\template.imp
Tue Apr 21 10:32:52 Footprint coords will be rounded to nearest base unit.
Tue Apr 21 10:32:52 Footprint coords will be rounded to nearest base unit.
Tue Apr 21 10:32:52 Loaded file C:\Program Files\Orcad\Layout_Plus\data\template.imp
Tue Apr 21 10:32:54 Loaded file C:\Program Files\Orcad\Layout_Plus\data\template.imp
Tue Apr 21 10:32:54 Loaded file C:\Program Files\Orcad\Layout_Plus\data\template.imp
Tue Apr 21 10:32:54 Footprint coords will be rounded to nearest base unit.
Tue Apr 21 10:32:54 Footprint coords will be rounded to nearest base unit.
Tue Apr 21 10:32:54 Loaded file C:\Program Files\Orcad\Layout_Plus\data\template.imp
Tue Apr 21 10:32:54 Footprint coords will be rounded to nearest base unit.
Tue Apr 21 10:32:54 Footprint coords will be rounded to nearest base unit.
Tue Apr 21 10:32:54 Loaded file C:\Program Files\Orcad\Layout_Plus\data\template.imp
Tue Apr 21 10:32:55 Footprint coords will be rounded to nearest base unit.
Tue Apr 21 10:32:55 Footprint coords will be rounded to nearest base unit.
Tue Apr 21 10:32:55 Loaded file C:\Program Files\Orcad\Layout_Plus\data\template.imp
Tue Apr 21 10:33:02 Footprint coords will be rounded to nearest base unit.
Tue Apr 21 10:33:02 Footprint coords will be rounded to nearest base unit.
Tue Apr 21 10:33:02 Loaded file C:\Program Files\Orcad\Layout_Plus\data\template.imp
Tue Apr 21 10:33:02 Footprint coords will be rounded to nearest base unit.
Tue Apr 21 10:33:02 Footprint coords will be rounded to nearest base unit.
Tue Apr 21 10:33:02 Loaded file C:\Program Files\Orcad\Layout_Plus\data\template.imp
Tue Apr 21 10:33:03 Footprint coords will be rounded to nearest base unit.
Tue Apr 21 10:33:03 Footprint coords will be rounded to nearest base unit.
Tue Apr 21 10:33:03 Loaded file C:\Program Files\Orcad\Layout_Plus\data\template.imp
Tue Apr 21 10:33:04 Footprint coords will be rounded to nearest base unit.
Tue Apr 21 10:33:04 Footprint coords will be rounded to nearest base unit.
Tue Apr 21 10:33:04 Loaded file C:\Program Files\Orcad\Layout_Plus\data\template.imp
Tue Apr 21 10:33:30 Loaded file C:\Program Files\Orcad\Layout_Plus\data\template.imp
Tue Apr 21 10:33:30 Loaded file C:\Program Files\Orcad\Layout_Plus\data\template.imp
Tue Apr 21 10:33:32 Loaded file D:\THU+VIEN+ORCAD+FULL\THU VIEN ORCAD FULL\LAYOUT FULL\7SEGMENT.LLB
Tue Apr 21 10:33:36 Footprint coords will be rounded to nearest base unit.
Tue Apr 21 10:33:36 Footprint coords will be rounded to nearest base unit.
Tue Apr 21 10:33:36 Loaded file C:\Program Files\Orcad\Layout_Plus\data\template.imp
Tue Apr 21 10:33:36 Footprint coords will be rounded to nearest base unit.
Tue Apr 21 10:33:36 Footprint coords will be rounded to nearest base unit.
Tue Apr 21 10:33:36 Loaded file C:\Program Files\Orcad\Layout_Plus\data\template.imp
Tue Apr 21 10:33:37 Footprint coords will be rounded to nearest base unit.
Tue Apr 21 10:33:37 Footprint coords will be rounded to nearest base unit.
Tue Apr 21 10:33:37 Loaded file C:\Program Files\Orcad\Layout_Plus\data\template.imp
Tue Apr 21 10:33:37 Footprint coords will be rounded to nearest base unit.
Tue Apr 21 10:33:37 Footprint coords will be rounded to nearest base unit.
Tue Apr 21 10:33:37 Loaded file C:\Program Files\Orcad\Layout_Plus\data\template.imp
Tue Apr 21 10:33:37 Footprint coords will be rounded to nearest base unit.
Tue Apr 21 10:33:37 Footprint coords will be rounded to nearest base unit.
Tue Apr 21 10:33:37 Loaded file C:\Program Files\Orcad\Layout_Plus\data\template.imp
Tue Apr 21 10:33:37 Footprint coords will be rounded to nearest base unit.
Tue Apr 21 10:33:37 Footprint coords will be rounded to nearest base unit.
Tue Apr 21 10:33:37 Loaded file C:\Program Files\Orcad\Layout_Plus\data\template.imp
Tue Apr 21 10:33:37 Footprint coords will be rounded to nearest base unit.
Tue Apr 21 10:33:37 Footprint coords will be rounded to nearest base unit.
Tue Apr 21 10:33:37 Loaded file C:\Program Files\Orcad\Layout_Plus\data\template.imp
Tue Apr 21 10:33:38 Footprint coords will be rounded to nearest base unit.
Tue Apr 21 10:33:38 Footprint coords will be rounded to nearest base unit.
Tue Apr 21 10:33:38 Loaded file C:\Program Files\Orcad\Layout_Plus\data\template.imp
Tue Apr 21 10:33:38 Footprint coords will be rounded to nearest base unit.
Tue Apr 21 10:33:38 Footprint coords will be rounded to nearest base unit.
Tue Apr 21 10:33:38 Loaded file C:\Program Files\Orcad\Layout_Plus\data\template.imp
Tue Apr 21 10:33:38 Footprint coords will be rounded to nearest base unit.
Tue Apr 21 10:33:38 Footprint coords will be rounded to nearest base unit.
Tue Apr 21 10:33:38 Loaded file C:\Program Files\Orcad\Layout_Plus\data\template.imp
Tue Apr 21 10:33:38 Footprint coords will be rounded to nearest base unit.
Tue Apr 21 10:33:38 Footprint coords will be rounded to nearest base unit.
Tue Apr 21 10:33:38 Loaded file C:\Program Files\Orcad\Layout_Plus\data\template.imp
Tue Apr 21 10:33:38 Footprint coords will be rounded to nearest base unit.
Tue Apr 21 10:33:38 Footprint coords will be rounded to nearest base unit.
Tue Apr 21 10:33:38 Loaded file C:\Program Files\Orcad\Layout_Plus\data\template.imp
Tue Apr 21 10:33:38 Footprint coords will be rounded to nearest base unit.
Tue Apr 21 10:33:38 Footprint coords will be rounded to nearest base unit.
Tue Apr 21 10:33:38 Loaded file C:\Program Files\Orcad\Layout_Plus\data\template.imp
Tue Apr 21 10:33:38 Footprint coords will be rounded to nearest base unit.
Tue Apr 21 10:33:38 Footprint coords will be rounded to nearest base unit.
Tue Apr 21 10:33:38 Loaded file C:\Program Files\Orcad\Layout_Plus\data\template.imp
Tue Apr 21 10:33:38 Footprint coords will be rounded to nearest base unit.
Tue Apr 21 10:33:38 Footprint coords will be rounded to nearest base unit.
Tue Apr 21 10:33:38 Loaded file C:\Program Files\Orcad\Layout_Plus\data\template.imp
Tue Apr 21 10:33:38 Footprint coords will be rounded to nearest base unit.
Tue Apr 21 10:33:38 Footprint coords will be rounded to nearest base unit.
Tue Apr 21 10:33:38 Loaded file C:\Program Files\Orcad\Layout_Plus\data\template.imp
Tue Apr 21 10:33:38 Footprint coords will be rounded to nearest base unit.
Tue Apr 21 10:33:38 Footprint coords will be rounded to nearest base unit.
Tue Apr 21 10:33:38 Loaded file C:\Program Files\Orcad\Layout_Plus\data\template.imp
Tue Apr 21 10:33:39 Footprint coords will be rounded to nearest base unit.
Tue Apr 21 10:33:39 Footprint coords will be rounded to nearest base unit.
Tue Apr 21 10:33:39 Loaded file C:\Program Files\Orcad\Layout_Plus\data\template.imp
Tue Apr 21 10:33:40 Footprint coords will be rounded to nearest base unit.
Tue Apr 21 10:33:40 Footprint coords will be rounded to nearest base unit.
Tue Apr 21 10:33:40 Loaded file C:\Program Files\Orcad\Layout_Plus\data\template.imp
Tue Apr 21 10:34:03 Saved as file BACKUP1.MAX
Tue Apr 21 10:34:07 Loaded file C:\Program Files\Orcad\Layout_Plus\data\template.imp
Tue Apr 21 10:34:07 Loaded file C:\Program Files\Orcad\Layout_Plus\data\template.imp
Tue Apr 21 10:34:08 Loaded file D:\THU+VIEN+ORCAD+FULL\THU VIEN ORCAD FULL\LAYOUT FULL\BUTTON.LLB
Tue Apr 21 10:34:09 Loaded file D:\THU+VIEN+ORCAD+FULL\THU VIEN ORCAD FULL\LAYOUT FULL\7SEGMENT.LLB
Tue Apr 21 10:34:09 Loaded file D:\THU+VIEN+ORCAD+FULL\THU VIEN ORCAD FULL\LAYOUT FULL\LAYOUT.CAOVANHUONG.LLB
Tue Apr 21 10:34:11 Loaded file D:\THU+VIEN+ORCAD+FULL\THU VIEN ORCAD FULL\LAYOUT FULL\CHIP DAN SMD.LLB
Tue Apr 21 10:34:11 Loaded file D:\THU+VIEN+ORCAD+FULL\THU VIEN ORCAD FULL\LAYOUT FULL\LAYOUT.CAOVANHUONG.LLB
Tue Apr 21 10:34:11 Loaded file D:\THU+VIEN+ORCAD+FULL\THU VIEN ORCAD FULL\LAYOUT FULL\LCD.LLB
Tue Apr 21 10:34:11 Loaded file D:\THU+VIEN+ORCAD+FULL\THU VIEN ORCAD FULL\LAYOUT FULL\LED.LLB
Tue Apr 21 10:34:11 Loaded file D:\THU+VIEN+ORCAD+FULL\THU VIEN ORCAD FULL\LAYOUT FULL\LEDMATRAN.LLB
Tue Apr 21 10:34:13 Loaded file D:\THU+VIEN+ORCAD+FULL\THU VIEN ORCAD FULL\LAYOUT FULL\7SEGMENT.LLB
Tue Apr 21 10:34:14 Loaded file D:\THU+VIEN+ORCAD+FULL\THU VIEN ORCAD FULL\LAYOUT FULL\LAYOUT.CAOVANHUONG.LLB
Tue Apr 21 10:34:14 Loaded file D:\THU+VIEN+ORCAD+FULL\THU VIEN ORCAD FULL\LAYOUT FULL\LCD.LLB
Tue Apr 21 10:34:14 Loaded file D:\THU+VIEN+ORCAD+FULL\THU VIEN ORCAD FULL\LAYOUT FULL\LED.LLB
Tue Apr 21 10:34:15 Loaded file D:\THU+VIEN+ORCAD+FULL\THU VIEN ORCAD FULL\LAYOUT FULL\LEDMATRAN.LLB
Tue Apr 21 10:34:15 Loaded file D:\THU+VIEN+ORCAD+FULL\THU VIEN ORCAD FULL\LAYOUT FULL\LOKH.LLB
Tue Apr 21 10:34:15 Loaded file C:\PROGRAM FILES\ORCAD\LAYOUT_PLUS\library\LAYOUT.llb
Tue Apr 21 10:34:15 Loaded file C:\PROGRAM FILES\ORCAD\LAYOUT_PLUS\library\LCON100T.llb
Tue Apr 21 10:34:15 Loaded file D:\THU+VIEN+ORCAD+FULL\THU VIEN ORCAD FULL\LAYOUT FULL\LAYOUT.CAOVANHUONG.LLB
Tue Apr 21 10:34:16 Loaded file D:\THU+VIEN+ORCAD+FULL\THU VIEN ORCAD FULL\LAYOUT FULL\LCD.LLB
Tue Apr 21 10:34:17 Loaded file D:\THU+VIEN+ORCAD+FULL\THU VIEN ORCAD FULL\LAYOUT FULL\LAYOUT.CAOVANHUONG.LLB
Tue Apr 21 10:34:18 Loaded file C:\PROGRAM FILES\ORCAD\LAYOUT_PLUS\library\VRES.llb
Tue Apr 21 10:34:19 Loaded file C:\PROGRAM FILES\ORCAD\LAYOUT_PLUS\library\VRES.llb
Tue Apr 21 10:34:20 Loaded file C:\Program Files\Orcad\Layout_Plus\data\template.imp
Tue Apr 21 10:34:21 Loaded file C:\Program Files\Orcad\Layout_Plus\data\template.imp
Tue Apr 21 10:34:22 Loaded file C:\PROGRAM FILES\ORCAD\LAYOUT_PLUS\library\TRAINING.LLB
Tue Apr 21 10:34:23 Loaded file D:\THU+VIEN+ORCAD+FULL\THU VIEN ORCAD FULL\LAYOUT FULL\PAYITFORWARD_FOOTPRINT_10082012.LLB
Tue Apr 21 10:34:27 Loaded file C:\Program Files\Orcad\Layout_Plus\data\template.imp
Tue Apr 21 10:35:08 Loaded file C:\Program Files\Orcad\Layout_Plus\library\padstack.llb
Tue Apr 21 10:35:17 Loaded file C:\Program Files\Orcad\Layout_Plus\library\padstack.llb
Tue Apr 21 10:35:28 Loaded file D:\THU+VIEN+ORCAD+FULL\THU VIEN ORCAD FULL\LAYOUT FULL\7SEGMENT.LLB
Tue Apr 21 10:35:29 Loaded file D:\THU+VIEN+ORCAD+FULL\THU VIEN ORCAD FULL\LAYOUT FULL\BUTTON.LLB
Tue Apr 21 10:35:30 Loaded file D:\THU+VIEN+ORCAD+FULL\THU VIEN ORCAD FULL\LAYOUT FULL\CAP.LLB
Tue Apr 21 10:35:31 Loaded file D:\THU+VIEN+ORCAD+FULL\THU VIEN ORCAD FULL\LAYOUT FULL\CAPITOR.LLB
Tue Apr 21 10:35:31 Loaded file D:\THU+VIEN+ORCAD+FULL\THU VIEN ORCAD FULL\LAYOUT FULL\CONNECTOR.LLB
Tue Apr 21 10:35:32 Loaded file D:\THU+VIEN+ORCAD+FULL\THU VIEN ORCAD FULL\LAYOUT FULL\CHIP DAN SMD.LLB
Tue Apr 21 10:35:32 Loaded file D:\THU+VIEN+ORCAD+FULL\THU VIEN ORCAD FULL\LAYOUT FULL\DIODE.LLB
Tue Apr 21 10:35:32 Loaded file D:\THU+VIEN+ORCAD+FULL\THU VIEN ORCAD FULL\LAYOUT FULL\IC.LLB
Tue Apr 21 10:35:33 Loaded file D:\THU+VIEN+ORCAD+FULL\THU VIEN ORCAD FULL\LAYOUT FULL\LAYOUT.CAOVANHUONG.LLB
Tue Apr 21 10:35:33 Loaded file D:\THU+VIEN+ORCAD+FULL\THU VIEN ORCAD FULL\LAYOUT FULL\LCD.LLB
Tue Apr 21 10:35:34 Loaded file D:\THU+VIEN+ORCAD+FULL\THU VIEN ORCAD FULL\LAYOUT FULL\LED.LLB
Tue Apr 21 10:35:35 Loaded file D:\THU+VIEN+ORCAD+FULL\THU VIEN ORCAD FULL\LAYOUT FULL\LEDMATRAN.LLB
Tue Apr 21 10:35:35 Loaded file D:\THU+VIEN+ORCAD+FULL\THU VIEN ORCAD FULL\LAYOUT FULL\LOKH.LLB
Tue Apr 21 10:35:35 Loaded file D:\THU+VIEN+ORCAD+FULL\THU VIEN ORCAD FULL\LAYOUT FULL\PAYITFORWARD_FOOTPRINT_10082012.LLB
Tue Apr 21 10:35:35 Loaded file D:\THU+VIEN+ORCAD+FULL\THU VIEN ORCAD FULL\LAYOUT FULL\PC_PORT.LLB
Tue Apr 21 10:35:36 Loaded file D:\THU+VIEN+ORCAD+FULL\THU VIEN ORCAD FULL\LAYOUT FULL\RELAY.LLB
Tue Apr 21 10:35:36 Loaded file D:\THU+VIEN+ORCAD+FULL\THU VIEN ORCAD FULL\LAYOUT FULL\SWITCH.LLB
Tue Apr 21 10:35:36 Loaded file D:\THU+VIEN+ORCAD+FULL\THU VIEN ORCAD FULL\LAYOUT FULL\SYKHUNG.LLB
Tue Apr 21 10:35:37 Loaded file D:\THU+VIEN+ORCAD+FULL\THU VIEN ORCAD FULL\LAYOUT FULL\TERMINAL.LLB
Tue Apr 21 10:35:37 Loaded file D:\THU+VIEN+ORCAD+FULL\THU VIEN ORCAD FULL\LAYOUT FULL\TUAN.LLB
Tue Apr 21 10:35:37 Loaded file D:\THU+VIEN+ORCAD+FULL\THU VIEN ORCAD FULL\LAYOUT FULL\TUYEN.LLB
Tue Apr 21 10:35:37 Loaded file D:\THU+VIEN+ORCAD+FULL\THU VIEN ORCAD FULL\LAYOUT FULL\THU VIEN LAYOUT BETA.LLB
Tue Apr 21 10:35:37 Loaded file D:\THU+VIEN+ORCAD+FULL\THU VIEN ORCAD FULL\LAYOUT FULL\THU VIEN.LLB
Tue Apr 21 10:35:38 Loaded file D:\THU+VIEN+ORCAD+FULL\THU VIEN ORCAD FULL\LAYOUT FULL\THUVIEN OR1.LLB
Tue Apr 21 10:35:38 Loaded file D:\THU+VIEN+ORCAD+FULL\THU VIEN ORCAD FULL\LAYOUT FULL\THUVIEN OR2.LLB
Tue Apr 21 10:35:39 Loaded file D:\THU+VIEN+ORCAD+FULL\THU VIEN ORCAD FULL\LAYOUT FULL\THU VIEN LAYOUT BETA.LLB
Tue Apr 21 10:35:47 Loaded file D:\THU+VIEN+ORCAD+FULL\THU VIEN ORCAD FULL\LAYOUT FULL\TUYEN.LLB
Tue Apr 21 10:35:50 Loaded file D:\THU+VIEN+ORCAD+FULL\THU VIEN ORCAD FULL\LAYOUT FULL\7SEGMENT.LLB
Tue Apr 21 10:35:50 Loaded file D:\THU+VIEN+ORCAD+FULL\THU VIEN ORCAD FULL\LAYOUT FULL\BUTTON.LLB
Tue Apr 21 10:35:51 Loaded file D:\THU+VIEN+ORCAD+FULL\THU VIEN ORCAD FULL\LAYOUT FULL\CAP.LLB
Tue Apr 21 10:35:52 Loaded file D:\THU+VIEN+ORCAD+FULL\THU VIEN ORCAD FULL\LAYOUT FULL\CAPITOR.LLB
Tue Apr 21 10:35:55 Loaded file D:\THU+VIEN+ORCAD+FULL\THU VIEN ORCAD FULL\LAYOUT FULL\CONNECTOR.LLB
Tue Apr 21 10:35:58 Loaded file D:\THU+VIEN+ORCAD+FULL\THU VIEN ORCAD FULL\LAYOUT FULL\CONNECTOR.LLB
Tue Apr 21 10:35:58 Loaded file D:\THU+VIEN+ORCAD+FULL\THU VIEN ORCAD FULL\LAYOUT FULL\CHIP DAN SMD.LLB
Tue Apr 21 10:36:00 Loaded file D:\THU+VIEN+ORCAD+FULL\THU VIEN ORCAD FULL\LAYOUT FULL\DIODE.LLB
Tue Apr 21 10:36:00 Loaded file D:\THU+VIEN+ORCAD+FULL\THU VIEN ORCAD FULL\LAYOUT FULL\IC.LLB
Tue Apr 21 10:36:01 Loaded file D:\THU+VIEN+ORCAD+FULL\THU VIEN ORCAD FULL\LAYOUT FULL\LAYOUT.CAOVANHUONG.LLB
Tue Apr 21 10:36:02 Loaded file D:\THU+VIEN+ORCAD+FULL\THU VIEN ORCAD FULL\LAYOUT FULL\IC.LLB
Tue Apr 21 10:36:03 Loaded file D:\THU+VIEN+ORCAD+FULL\THU VIEN ORCAD FULL\LAYOUT FULL\LAYOUT.CAOVANHUONG.LLB
Tue Apr 21 10:36:03 Loaded file D:\THU+VIEN+ORCAD+FULL\THU VIEN ORCAD FULL\LAYOUT FULL\IC.LLB
Tue Apr 21 10:36:06 Loaded file D:\THU+VIEN+ORCAD+FULL\THU VIEN ORCAD FULL\LAYOUT FULL\IC.LLB
Tue Apr 21 10:36:06 Loaded file D:\THU+VIEN+ORCAD+FULL\THU VIEN ORCAD FULL\LAYOUT FULL\LAYOUT.CAOVANHUONG.LLB
Tue Apr 21 10:36:12 Loaded file C:\Program Files\Orcad\Layout_Plus\data\template.imp
Tue Apr 21 10:36:13 Loaded file C:\Program Files\Orcad\Layout_Plus\data\template.imp
Tue Apr 21 10:36:14 Loaded file C:\Program Files\Orcad\Layout_Plus\data\template.imp
Tue Apr 21 10:36:15 Loaded file C:\Program Files\Orcad\Layout_Plus\data\template.imp
Tue Apr 21 10:36:16 Loaded file C:\Program Files\Orcad\Layout_Plus\data\template.imp
Tue Apr 21 10:36:16 Loaded file C:\Program Files\Orcad\Layout_Plus\data\template.imp
Tue Apr 21 10:36:17 Loaded file C:\Program Files\Orcad\Layout_Plus\data\template.imp
Tue Apr 21 10:36:17 Loaded file C:\Program Files\Orcad\Layout_Plus\data\template.imp
Tue Apr 21 10:36:24 Loaded file C:\Program Files\Orcad\Layout_Plus\data\template.imp
Tue Apr 21 10:36:24 Loaded file C:\Program Files\Orcad\Layout_Plus\data\template.imp
Tue Apr 21 10:36:25 Loaded file D:\THU+VIEN+ORCAD+FULL\THU VIEN ORCAD FULL\LAYOUT FULL\CAPITOR.LLB
Tue Apr 21 10:36:26 Loaded file D:\THU+VIEN+ORCAD+FULL\THU VIEN ORCAD FULL\LAYOUT FULL\LAYOUT.CAOVANHUONG.LLB
Tue Apr 21 10:36:29 Loaded file C:\Program Files\Orcad\Layout_Plus\data\template.imp
Tue Apr 21 10:36:30 Loaded file C:\Program Files\Orcad\Layout_Plus\data\template.imp
Tue Apr 21 10:36:31 Footprint coords will be rounded to nearest base unit.
Tue Apr 21 10:36:31 Footprint coords will be rounded to nearest base unit.
Tue Apr 21 10:36:31 Footprint coords will be rounded to nearest base unit.
Tue Apr 21 10:36:53 Loaded file C:\Program Files\Orcad\Layout_Plus\data\template.imp
Tue Apr 21 10:36:53 Loaded file C:\Program Files\Orcad\Layout_Plus\data\template.imp
Tue Apr 21 10:36:55 Loaded file D:\THU+VIEN+ORCAD+FULL\THU VIEN ORCAD FULL\LAYOUT FULL\BUTTON.LLB
Tue Apr 21 10:36:55 Loaded file D:\THU+VIEN+ORCAD+FULL\THU VIEN ORCAD FULL\LAYOUT FULL\PAYITFORWARD_FOOTPRINT_10082012.LLB
Tue Apr 21 10:37:02 Loaded file D:\THU+VIEN+ORCAD+FULL\THU VIEN ORCAD FULL\LAYOUT FULL\LEDMATRAN.LLB
Tue Apr 21 10:37:02 Loaded file D:\THU+VIEN+ORCAD+FULL\THU VIEN ORCAD FULL\LAYOUT FULL\LOKH.LLB
Tue Apr 21 10:37:03 Loaded file C:\PROGRAM FILES\ORCAD\LAYOUT_PLUS\library\LAYOUT.llb
Tue Apr 21 10:37:03 Loaded file C:\PROGRAM FILES\ORCAD\LAYOUT_PLUS\library\LCON100T.llb
Tue Apr 21 10:37:04 Loaded file D:\THU+VIEN+ORCAD+FULL\THU VIEN ORCAD FULL\LAYOUT FULL\LAYOUT.CAOVANHUONG.LLB
Tue Apr 21 10:37:04 Loaded file D:\THU+VIEN+ORCAD+FULL\THU VIEN ORCAD FULL\LAYOUT FULL\LCD.LLB
Tue Apr 21 10:37:05 Loaded file D:\THU+VIEN+ORCAD+FULL\THU VIEN ORCAD FULL\LAYOUT FULL\LAYOUT.CAOVANHUONG.LLB
Tue Apr 21 10:37:09 Loaded file C:\Program Files\Orcad\Layout_Plus\data\template.imp
Tue Apr 21 10:37:10 Loaded file C:\Program Files\Orcad\Layout_Plus\data\template.imp
Tue Apr 21 10:37:11 Loaded file C:\Program Files\Orcad\Layout_Plus\data\template.imp
Tue Apr 21 10:37:13 Loaded file C:\Program Files\Orcad\Layout_Plus\data\template.imp
Tue Apr 21 10:37:17 Loaded file C:\Program Files\Orcad\Layout_Plus\library\padstack.llb
Tue Apr 21 10:37:34 Loaded file C:\Program Files\Orcad\Layout_Plus\library\padstack.llb
Tue Apr 21 10:42:38 Loaded file C:\Program Files\Orcad\Layout_Plus\data\template.imp
Tue Apr 21 10:42:38 Loaded file C:\Program Files\Orcad\Layout_Plus\data\template.imp
Tue Apr 21 10:42:42 Loaded file D:\THU+VIEN+ORCAD+FULL\THU VIEN ORCAD FULL\LAYOUT FULL\CAPITOR.LLB
Tue Apr 21 10:42:42 Loaded file D:\THU+VIEN+ORCAD+FULL\THU VIEN ORCAD FULL\LAYOUT FULL\LAYOUT.CAOVANHUONG.LLB
Tue Apr 21 10:42:47 Loaded file C:\Program Files\Orcad\Layout_Plus\data\template.imp
Tue Apr 21 10:42:48 Loaded file C:\Program Files\Orcad\Layout_Plus\data\template.imp
Tue Apr 21 10:42:49 Loaded file C:\Program Files\Orcad\Layout_Plus\data\template.imp
Tue Apr 21 10:42:49 Loaded file C:\Program Files\Orcad\Layout_Plus\data\template.imp
Tue Apr 21 10:42:50 Loaded file C:\Program Files\Orcad\Layout_Plus\data\template.imp
Tue Apr 21 10:42:55 Loaded file C:\Program Files\Orcad\Layout_Plus\library\padstack.llb
Tue Apr 21 10:43:03 Loaded file C:\Program Files\Orcad\Layout_Plus\library\padstack.llb
Tue Apr 21 10:43:08 Loaded file C:\Program Files\Orcad\Layout_Plus\library\padstack.llb
Tue Apr 21 10:43:14 Loaded file C:\Program Files\Orcad\Layout_Plus\library\padstack.llb
Tue Apr 21 10:43:20 Loaded file C:\Program Files\Orcad\Layout_Plus\library\padstack.llb
Tue Apr 21 10:43:25 Loaded file C:\Program Files\Orcad\Layout_Plus\library\padstack.llb
Tue Apr 21 10:43:39 Loaded file C:\Program Files\Orcad\Layout_Plus\library\padstack.llb
Tue Apr 21 10:44:13 Loaded file C:\Program Files\Orcad\Layout_Plus\library\padstack.llb
Tue Apr 21 10:44:38 Loaded file D:\THU+VIEN+ORCAD+FULL\THU VIEN ORCAD FULL\LAYOUT FULL\LEDMATRAN.LLB
Tue Apr 21 10:44:38 Loaded file D:\THU+VIEN+ORCAD+FULL\THU VIEN ORCAD FULL\LAYOUT FULL\PAYITFORWARD_FOOTPRINT_10082012.LLB
Tue Apr 21 10:44:44 Loaded file C:\Program Files\Orcad\Layout_Plus\data\template.imp
Tue Apr 21 10:45:03 Loaded file C:\Program Files\Orcad\Layout_Plus\data\template.imp
Tue Apr 21 10:45:03 Loaded file C:\Program Files\Orcad\Layout_Plus\data\template.imp
Tue Apr 21 10:45:04 Loaded file D:\THU+VIEN+ORCAD+FULL\THU VIEN ORCAD FULL\LAYOUT FULL\BUTTON.LLB
Tue Apr 21 10:45:04 Loaded file D:\THU+VIEN+ORCAD+FULL\THU VIEN ORCAD FULL\LAYOUT FULL\PAYITFORWARD_FOOTPRINT_10082012.LLB
Tue Apr 21 10:45:08 Loaded file C:\Program Files\Orcad\Layout_Plus\data\template.imp
Tue Apr 21 10:45:11 Footprint coords will be rounded to nearest base unit.
Tue Apr 21 10:45:11 Footprint coords will be rounded to nearest base unit.
Tue Apr 21 10:45:14 Loaded file C:\Program Files\Orcad\Layout_Plus\data\template.imp
Tue Apr 21 10:45:14 Loaded file C:\Program Files\Orcad\Layout_Plus\data\template.imp
Tue Apr 21 10:45:16 Loaded file D:\THU+VIEN+ORCAD+FULL\THU VIEN ORCAD FULL\LAYOUT FULL\7SEGMENT.LLB
Tue Apr 21 10:45:16 Loaded file D:\THU+VIEN+ORCAD+FULL\THU VIEN ORCAD FULL\LAYOUT FULL\LAYOUT.CAOVANHUONG.LLB
Tue Apr 21 10:45:21 Loaded file C:\Program Files\Orcad\Layout_Plus\data\template.imp
Tue Apr 21 10:45:21 Loaded file C:\Program Files\Orcad\Layout_Plus\data\template.imp
Tue Apr 21 10:45:22 Loaded file C:\Program Files\Orcad\Layout_Plus\data\template.imp
Tue Apr 21 10:45:23 Loaded file C:\Program Files\Orcad\Layout_Plus\data\template.imp
Tue Apr 21 10:45:24 Loaded file C:\Program Files\Orcad\Layout_Plus\data\template.imp
Tue Apr 21 10:45:26 Footprint coords will be rounded to nearest base unit.
Tue Apr 21 10:45:26 Footprint coords will be rounded to nearest base unit.
Tue Apr 21 10:45:26 Footprint coords will be rounded to nearest base unit.
Tue Apr 21 10:52:33 Saved as file BACKUP1.MAX
Tue Apr 21 11:02:34 Saved as file BACKUP1.MAX
Tue Apr 21 11:12:34 Saved as file BACKUP1.MAX
Tue Apr 21 11:14:36 Saved as file D:\PROJECT LED CUBE\VE LAI\IC_MO_RONG.MAX
Tue Apr 21 11:15:06 Saved as file D:\PROJECT LED CUBE\VE LAI\IC_MO_RONG.MAX
Tue Apr 21 11:16:39 Saved as file D:\PROJECT LED CUBE\VE LAI\IC_MO_RONG.MAX
Tue Apr 21 11:17:12 Loaded file C:\Program Files\Orcad\Layout_Plus\data\template.imp
Tue Apr 21 11:17:12 Loaded file C:\Program Files\Orcad\Layout_Plus\data\template.imp
Tue Apr 21 11:17:13 Loaded file D:\THU+VIEN+ORCAD+FULL\THU VIEN ORCAD FULL\LAYOUT FULL\BUTTON.LLB
Tue Apr 21 11:17:14 Loaded file D:\THU+VIEN+ORCAD+FULL\THU VIEN ORCAD FULL\LAYOUT FULL\PAYITFORWARD_FOOTPRINT_10082012.LLB
Tue Apr 21 11:17:15 Loaded file D:\THU+VIEN+ORCAD+FULL\THU VIEN ORCAD FULL\LAYOUT FULL\LEDMATRAN.LLB
Tue Apr 21 11:17:15 Loaded file D:\THU+VIEN+ORCAD+FULL\THU VIEN ORCAD FULL\LAYOUT FULL\LOKH.LLB
Tue Apr 21 11:17:15 Loaded file C:\PROGRAM FILES\ORCAD\LAYOUT_PLUS\library\LAYOUT.llb
Tue Apr 21 11:17:16 Loaded file C:\PROGRAM FILES\ORCAD\LAYOUT_PLUS\library\LCON100T.llb
Tue Apr 21 11:17:17 Loaded file D:\THU+VIEN+ORCAD+FULL\THU VIEN ORCAD FULL\LAYOUT FULL\LAYOUT.CAOVANHUONG.LLB
Tue Apr 21 11:17:21 Loaded file C:\Program Files\Orcad\Layout_Plus\data\template.imp
Tue Apr 21 11:17:24 Footprint coords will be rounded to nearest base unit.
Tue Apr 21 11:17:24 Footprint coords will be rounded to nearest base unit.
Tue Apr 21 11:17:24 Footprint coords will be rounded to nearest base unit.
Tue Apr 21 11:20:11 Saved as file D:\PROJECT LED CUBE\VE LAI\IC_MO_RONG.MAX
Tue Apr 21 11:22:34 Saved as file BACKUP1.MAX
Tue Apr 21 11:22:52 Saved as file D:\PROJECT LED CUBE\VE LAI\IC_MO_RONG.MAX
Tue Apr 21 12:20:10 Saved as file D:\PROJECT LED CUBE\VE LAI\IC_MO_RONG.MAX
Tue Apr 21 12:26:19 Saved as file D:\PROJECT LED CUBE\VE LAI\IC_MO_RONG.MAX
Tue Apr 21 12:29:17 Loaded file C:\Program Files\Orcad\Layout_Plus\data\template.imp
Tue Apr 21 12:29:17 Loaded file C:\Program Files\Orcad\Layout_Plus\data\template.imp
Tue Apr 21 12:29:19 Loaded file D:\THU+VIEN+ORCAD+FULL\THU VIEN ORCAD FULL\LAYOUT FULL\7SEGMENT.LLB
Tue Apr 21 12:29:19 Loaded file D:\THU+VIEN+ORCAD+FULL\THU VIEN ORCAD FULL\LAYOUT FULL\PAYITFORWARD_FOOTPRINT_10082012.LLB
Tue Apr 21 12:29:35 Loaded file C:\Program Files\Orcad\Layout_Plus\data\template.imp
Tue Apr 21 12:29:35 Footprint coords will be rounded to nearest base unit.
Tue Apr 21 12:29:35 Footprint coords will be rounded to nearest base unit.
Tue Apr 21 12:29:35 Footprint coords will be rounded to nearest base unit.
Tue Apr 21 12:29:35 Footprint coords will be rounded to nearest base unit.
Tue Apr 21 12:29:35 Footprint coords will be rounded to nearest base unit.
Tue Apr 21 12:29:35 Footprint coords will be rounded to nearest base unit.
Tue Apr 21 12:29:35 Footprint coords will be rounded to nearest base unit.
Tue Apr 21 12:29:35 Footprint coords will be rounded to nearest base unit.
Tue Apr 21 12:29:35 Footprint coords will be rounded to nearest base unit.
Tue Apr 21 12:29:35 Footprint coords will be rounded to nearest base unit.
Tue Apr 21 12:29:35 Footprint coords will be rounded to nearest base unit.
Tue Apr 21 12:29:35 Footprint coords will be rounded to nearest base unit.
Tue Apr 21 12:29:35 Footprint coords will be rounded to nearest base unit.
Tue Apr 21 12:29:35 Footprint coords will be rounded to nearest base unit.
Tue Apr 21 12:29:35 Footprint coords will be rounded to nearest base unit.
Tue Apr 21 12:29:35 Footprint coords will be rounded to nearest base unit.
Tue Apr 21 12:29:35 Footprint coords will be rounded to nearest base unit.
Tue Apr 21 12:29:35 Footprint coords will be rounded to nearest base unit.
Tue Apr 21 12:29:35 Footprint coords will be rounded to nearest base unit.
Tue Apr 21 12:29:35 Footprint coords will be rounded to nearest base unit.
Tue Apr 21 12:29:35 Footprint coords will be rounded to nearest base unit.
Tue Apr 21 12:29:35 Footprint coords will be rounded to nearest base unit.
Tue Apr 21 12:29:35 Footprint coords will be rounded to nearest base unit.
Tue Apr 21 12:29:35 Footprint coords will be rounded to nearest base unit.
Tue Apr 21 12:29:35 Footprint coords will be rounded to nearest base unit.
Tue Apr 21 12:29:35 Footprint coords will be rounded to nearest base unit.
Tue Apr 21 12:29:35 Footprint coords will be rounded to nearest base unit.
Tue Apr 21 12:29:35 Footprint coords will be rounded to nearest base unit.
Tue Apr 21 12:29:35 Footprint coords will be rounded to nearest base unit.
Tue Apr 21 12:29:35 Footprint coords will be rounded to nearest base unit.
Tue Apr 21 12:29:35 Footprint coords will be rounded to nearest base unit.
Tue Apr 21 12:29:35 Footprint coords will be rounded to nearest base unit.
Tue Apr 21 12:29:35 Footprint coords will be rounded to nearest base unit.
Tue Apr 21 12:30:30 Saved as file BACKUP1.MAX
Tue Apr 21 12:30:58 Saved as file D:\PROJECT LED CUBE\VE LAI\IC_MO_RONG.MAX
Tue Apr 21 12:39:44 Saved as file D:\PROJECT LED CUBE\VE LAI\IC_MO_RONG.MAX
Tue Apr 21 12:40:06 Saved as file D:\PROJECT LED CUBE\VE LAI\IC_MO_RONG.MAX
Tue Apr 21 12:40:30 Saved as file BACKUP1.MAX
Tue Apr 21 12:41:24 Saved as file D:\PROJECT LED CUBE\VE LAI\IC_MO_RONG.MAX
Tue Apr 21 12:49:52 Saved as file D:\PROJECT LED CUBE\VE LAI\IC_MO_RONG.MAX
Tue Apr 21 12:50:31 Saved as file BACKUP1.MAX
Tue Apr 21 12:59:15 Saved as file D:\PROJECT LED CUBE\VE LAI\IC_MO_RONG.MAX
Tue Apr 21 13:00:18 Loaded file C:\Program Files\Orcad\Layout_Plus\data\template.imp
Tue Apr 21 13:00:18 Loaded file C:\Program Files\Orcad\Layout_Plus\data\template.imp
Tue Apr 21 13:00:18 Footprint coords will be rounded to nearest base unit.
Tue Apr 21 13:00:18 Footprint coords will be rounded to nearest base unit.
Tue Apr 21 13:00:18 Footprint coords will be rounded to nearest base unit.
Tue Apr 21 13:00:18 Footprint coords will be rounded to nearest base unit.
Tue Apr 21 13:00:18 Footprint coords will be rounded to nearest base unit.
Tue Apr 21 13:00:18 Footprint coords will be rounded to nearest base unit.
Tue Apr 21 13:00:18 Footprint coords will be rounded to nearest base unit.
Tue Apr 21 13:00:18 Footprint coords will be rounded to nearest base unit.
Tue Apr 21 13:00:18 Footprint coords will be rounded to nearest base unit.
Tue Apr 21 13:00:18 Footprint coords will be rounded to nearest base unit.
Tue Apr 21 13:00:18 Footprint coords will be rounded to nearest base unit.
Tue Apr 21 13:00:18 Footprint coords will be rounded to nearest base unit.
Tue Apr 21 13:00:18 Loaded file C:\Program Files\Orcad\Layout_Plus\data\template.imp
Tue Apr 21 13:00:18 Footprint coords will be rounded to nearest base unit.
Tue Apr 21 13:00:18 Footprint coords will be rounded to nearest base unit.
Tue Apr 21 13:00:18 Footprint coords will be rounded to nearest base unit.
Tue Apr 21 13:00:18 Footprint coords will be rounded to nearest base unit.
Tue Apr 21 13:00:18 Footprint coords will be rounded to nearest base unit.
Tue Apr 21 13:00:18 Footprint coords will be rounded to nearest base unit.
Tue Apr 21 13:00:18 Footprint coords will be rounded to nearest base unit.
Tue Apr 21 13:00:18 Footprint coords will be rounded to nearest base unit.
Tue Apr 21 13:00:18 Footprint coords will be rounded to nearest base unit.
Tue Apr 21 13:00:18 Footprint coords will be rounded to nearest base unit.
Tue Apr 21 13:00:18 Footprint coords will be rounded to nearest base unit.
Tue Apr 21 13:00:18 Footprint coords will be rounded to nearest base unit.
Tue Apr 21 13:00:18 Loaded file C:\Program Files\Orcad\Layout_Plus\data\template.imp
Tue Apr 21 13:00:19 Loaded file D:\THU+VIEN+ORCAD+FULL\THU VIEN ORCAD FULL\LAYOUT FULL\CAP.LLB
Tue Apr 21 13:00:19 Loaded file D:\THU+VIEN+ORCAD+FULL\THU VIEN ORCAD FULL\LAYOUT FULL\PAYITFORWARD_FOOTPRINT_10082012.LLB
Tue Apr 21 13:00:23 Loaded file C:\Program Files\Orcad\Layout_Plus\data\template.imp
Tue Apr 21 13:00:25 Footprint coords will be rounded to nearest base unit.
Tue Apr 21 13:00:25 Footprint coords will be rounded to nearest base unit.
Tue Apr 21 13:00:25 Footprint coords will be rounded to nearest base unit.
Tue Apr 21 13:00:25 Footprint coords will be rounded to nearest base unit.
Tue Apr 21 13:00:25 Footprint coords will be rounded to nearest base unit.
Tue Apr 21 13:00:25 Footprint coords will be rounded to nearest base unit.
Tue Apr 21 13:00:25 Footprint coords will be rounded to nearest base unit.
Tue Apr 21 13:00:25 Footprint coords will be rounded to nearest base unit.
Tue Apr 21 13:00:25 Footprint coords will be rounded to nearest base unit.
Tue Apr 21 13:00:31 Saved as file BACKUP1.MAX
Tue Apr 21 13:00:41 Loaded file C:\Program Files\Orcad\Layout_Plus\data\template.imp
Tue Apr 21 13:00:41 Loaded file C:\Program Files\Orcad\Layout_Plus\data\template.imp
Tue Apr 21 13:00:41 Footprint coords will be rounded to nearest base unit.
Tue Apr 21 13:00:41 Footprint coords will be rounded to nearest base unit.
Tue Apr 21 13:00:41 Footprint coords will be rounded to nearest base unit.
Tue Apr 21 13:00:41 Footprint coords will be rounded to nearest base unit.
Tue Apr 21 13:00:41 Footprint coords will be rounded to nearest base unit.
Tue Apr 21 13:00:41 Footprint coords will be rounded to nearest base unit.
Tue Apr 21 13:00:41 Footprint coords will be rounded to nearest base unit.
Tue Apr 21 13:00:41 Footprint coords will be rounded to nearest base unit.
Tue Apr 21 13:00:41 Footprint coords will be rounded to nearest base unit.
Tue Apr 21 13:00:41 Footprint coords will be rounded to nearest base unit.
Tue Apr 21 13:00:41 Footprint coords will be rounded to nearest base unit.
Tue Apr 21 13:00:41 Loaded file C:\Program Files\Orcad\Layout_Plus\data\template.imp
Tue Apr 21 13:00:41 Footprint coords will be rounded to nearest base unit.
Tue Apr 21 13:00:41 Footprint coords will be rounded to nearest base unit.
Tue Apr 21 13:00:41 Footprint coords will be rounded to nearest base unit.
Tue Apr 21 13:00:41 Footprint coords will be rounded to nearest base unit.
Tue Apr 21 13:00:41 Footprint coords will be rounded to nearest base unit.
Tue Apr 21 13:00:41 Footprint coords will be rounded to nearest base unit.
Tue Apr 21 13:00:41 Footprint coords will be rounded to nearest base unit.
Tue Apr 21 13:00:41 Footprint coords will be rounded to nearest base unit.
Tue Apr 21 13:00:41 Footprint coords will be rounded to nearest base unit.
Tue Apr 21 13:00:41 Footprint coords will be rounded to nearest base unit.
Tue Apr 21 13:00:41 Footprint coords will be rounded to nearest base unit.
Tue Apr 21 13:00:41 Loaded file C:\Program Files\Orcad\Layout_Plus\data\template.imp
Tue Apr 21 13:00:44 Loaded file D:\THU+VIEN+ORCAD+FULL\THU VIEN ORCAD FULL\LAYOUT FULL\BUTTON.LLB
Tue Apr 21 13:00:44 Loaded file D:\THU+VIEN+ORCAD+FULL\THU VIEN ORCAD FULL\LAYOUT FULL\TERMINAL.LLB
Tue Apr 21 13:00:44 Loaded file D:\THU+VIEN+ORCAD+FULL\THU VIEN ORCAD FULL\LAYOUT FULL\TUAN.LLB
Tue Apr 21 13:00:44 Loaded file D:\THU+VIEN+ORCAD+FULL\THU VIEN ORCAD FULL\LAYOUT FULL\TUYEN.LLB
Tue Apr 21 13:00:45 Loaded file D:\THU+VIEN+ORCAD+FULL\THU VIEN ORCAD FULL\LAYOUT FULL\THU VIEN LAYOUT BETA.LLB
Tue Apr 21 13:00:47 Loaded file C:\Program Files\Orcad\Layout_Plus\data\template.imp
Tue Apr 21 13:00:49 Footprint coords will be rounded to nearest base unit.
Tue Apr 21 13:00:49 Footprint coords will be rounded to nearest base unit.
Tue Apr 21 13:00:49 Footprint coords will be rounded to nearest base unit.
Tue Apr 21 13:00:49 Footprint coords will be rounded to nearest base unit.
Tue Apr 21 13:00:49 Footprint coords will be rounded to nearest base unit.
Tue Apr 21 13:00:49 Footprint coords will be rounded to nearest base unit.
Tue Apr 21 13:00:49 Footprint coords will be rounded to nearest base unit.
Tue Apr 21 13:00:49 Footprint coords will be rounded to nearest base unit.
Tue Apr 21 13:00:49 Footprint coords will be rounded to nearest base unit.
Tue Apr 21 13:01:41 Saved as file D:\PROJECT LED CUBE\VE LAI\IC_MO_RONG.MAX
Tue Apr 21 13:10:31 Saved as file BACKUP1.MAX
Tue Apr 21 13:13:07 Saved as file D:\PROJECT LED CUBE\VE LAI\IC_MO_RONG.MAX
Tue Apr 21 13:15:59 Saved as file D:\PROJECT LED CUBE\VE LAI\IC_MO_RONG.MAX
Tue Apr 21 13:20:31 Saved as file BACKUP1.MAX
Tue Apr 21 13:25:19 Saved as file D:\PROJECT LED CUBE\VE LAI\IC_MO_RONG.MAX
Tue Apr 21 13:30:32 Saved as file BACKUP1.MAX
Tue Apr 21 13:40:32 Saved as file BACKUP1.MAX
Tue Apr 21 13:41:22 Saved as file D:\PROJECT LED CUBE\VE LAI\IC_MO_RONG.MAX
Tue Apr 21 13:49:59 Saved as file D:\PROJECT LED CUBE\VE LAI\IC_MO_RONG.MAX
Tue Apr 21 13:50:12 Saved as file D:\PROJECT LED CUBE\VE LAI\IC_MO_RONG.MAX
Tue Apr 21 13:52:02 Saved as file BACKUP1.MAX
Tue Apr 21 13:55:17 Saved as file D:\PROJECT LED CUBE\VE LAI\IC_MO_RONG.MAX
Tue Apr 21 13:57:54 Saved as file D:\PROJECT LED CUBE\VE LAI\IC_MO_RONG.MAX
Tue Apr 21 13:59:28 Saved as file D:\PROJECT LED CUBE\VE LAI\IC_MO_RONG.MAX
Tue Apr 21 14:02:03 Saved as file BACKUP1.MAX
Tue Apr 21 14:03:51 Saved as file D:\PROJECT LED CUBE\VE LAI\IC_MO_RONG.MAX
Tue Apr 21 14:13:03 Saved as file BACKUP1.MAX
Tue Apr 21 14:18:09 Saved as file D:\PROJECT LED CUBE\VE LAI\IC_MO_RONG.MAX
Tue Apr 21 14:18:50 Saved as file D:\PROJECT LED CUBE\VE LAI\IC_MO_RONG.MAX
Tue Apr 21 14:23:33 Saved as file BACKUP1.MAX
Tue Apr 21 14:24:25 Saved as file D:\PROJECT LED CUBE\VE LAI\IC_MO_RONG.MAX
Tue Apr 21 14:30:22 Saved as file D:\PROJECT LED CUBE\VE LAI\IC_MO_RONG.MAX
Tue Apr 21 14:34:34 Saved as file BACKUP1.MAX
Tue Apr 21 14:34:39 Saved as file D:\PROJECT LED CUBE\VE LAI\IC_MO_RONG.MAX
Tue Apr 21 14:38:13 Saved as file D:\PROJECT LED CUBE\VE LAI\IC_MO_RONG.MAX
Tue Apr 21 14:38:47 Saved as file D:\PROJECT LED CUBE\VE LAI\IC_MO_RONG.MAX
Tue Apr 21 14:40:42 Saved as file D:\PROJECT LED CUBE\VE LAI\IC_MO_RONG.MAX
Tue Apr 21 14:41:14 Saved as file D:\PROJECT LED CUBE\VE LAI\IC_MO_RONG.MAX
Tue Apr 21 14:45:34 Saved as file BACKUP1.MAX
Tue Apr 21 14:45:55 Saved as file D:\PROJECT LED CUBE\VE LAI\IC_MO_RONG.MAX
Tue Apr 21 14:52:58 Saved as file D:\PROJECT LED CUBE\VE LAI\IC_MO_RONG.MAX
Tue Apr 21 14:54:33 Saved as file D:\PROJECT LED CUBE\VE LAI\IC_MO_RONG.MAX
Wed Apr 22 22:38:40 Saved as file BACKUP1.MAX
Fri Apr 24 09:19:08 Saved as file BACKUP1.MAX
Fri Apr 24 15:36:37 Saved as file BACKUP1.MAX
Fri Apr 24 15:46:48 Saved as file ~undo.max
Fri Apr 24 15:46:48 Saved as file ~undo.max
Fri Apr 24 15:48:07 Saved as file BACKUP1.MAX
Fri Apr 24 15:50:14 Saved as file D:\PROJECT LED CUBE\VE LAI\MACH MO RONG\IC_MO_RONG.MAX
Fri Apr 24 16:03:54 Saved as file BACKUP1.MAX
Fri Apr 24 16:15:42 Saved as file D:\PROJECT LED CUBE\VE LAI\MACH MO RONG\IC_MO_RONG.MAX
Fri Apr 24 16:17:55 Saved as file BACKUP1.MAX
Fri Apr 24 16:32:25 Saved as file BACKUP1.MAX
Fri Apr 24 16:33:41 Error code 5255.048 (1836)
Fri Apr 24 16:33:41 Saved as file Backup0.max
Fri Apr 24 16:33:41 Windows which were open at time of error:
Fri Apr 24 16:33:41 	ActiveWindow: &Design
Fri Apr 24 16:33:41 	Icon: &Components
Fri Apr 24 16:33:41 	Icon: Post Proces&s
Fri Apr 24 16:33:41 	Icon: &Nets
Fri Apr 24 16:33:41 End-of-list
Fri Apr 24 16:33:41 Loaded file BACKUP0.MAX
Fri Apr 24 16:35:42 Saved as file D:\PROJECT LED CUBE\VE LAI\MACH MO RONG\BACKUP1.MAX
Fri Apr 24 16:38:13 Saved as file ~undo.max
Fri Apr 24 16:38:13 Saved as file ~undo.max
Fri Apr 24 16:39:54 Saved as file D:\PROJECT LED CUBE\VE LAI\MACH MO RONG\IC_MO_RONG.MAX
Fri Apr 24 16:42:28 Saved as file D:\PROJECT LED CUBE\VE LAI\MACH MO RONG\IC_MO_RONG.MAX
Fri Apr 24 16:50:42 Saved as file BACKUP1.MAX
Fri Apr 24 17:00:42 Saved as file BACKUP1.MAX
Fri Apr 24 17:05:22 Saved as file D:\PROJECT LED CUBE\VE LAI\MACH MO RONG\IC_MO_RONG.MAX
Fri Apr 24 17:11:12 Saved as file BACKUP1.MAX
Fri Apr 24 17:17:25 Saved as file D:\PROJECT LED CUBE\VE LAI\MACH MO RONG\IC_MO_RONG.MAX
Fri Apr 24 17:18:19 Saved as file D:\PROJECT LED CUBE\VE LAI\MACH MO RONG\IC_MO_RONG.MAX
Fri Apr 24 17:19:08 Saved as file D:\PROJECT LED CUBE\VE LAI\MACH MO RONG\IC_MO_RONG.MAX
Fri Apr 24 17:19:27 Saved as file D:\PROJECT LED CUBE\VE LAI\MACH MO RONG\IC_MO_RONG.MAX
Fri Apr 24 17:20:57 Saved as file D:\PROJECT LED CUBE\VE LAI\MACH MO RONG\IC_MO_RONG.MAX
Fri Apr 24 17:22:13 Saved as file BACKUP1.MAX
Fri Apr 24 17:22:25 Saved as file D:\PROJECT LED CUBE\VE LAI\MACH MO RONG\IC_MO_RONG.MAX
Fri Apr 24 17:24:10 Saved as file D:\PROJECT LED CUBE\VE LAI\MACH MO RONG\IC_MO_RONG.MAX
Fri Apr 24 17:26:21 Saved as file D:\PROJECT LED CUBE\VE LAI\MACH MO RONG\IC_MO_RONG.MAX
Fri Apr 24 17:32:43 Saved as file BACKUP1.MAX
Fri Apr 24 17:42:43 Saved as file BACKUP1.MAX
Fri Apr 24 21:19:26 Saved as file D:\PROJECT LED CUBE\VE LAI\MACH MO RONG\IC_MO_RONG.MAX
Fri Apr 24 21:19:40 Saved as file D:\PROJECT LED CUBE\VE LAI\MACH MO RONG\IC_MO_RONG.MAX
Fri Apr 24 21:20:11 Saved as file D:\PROJECT LED CUBE\VE LAI\MACH MO RONG\IC_MO_RONG.MAX
Fri Apr 24 21:24:11 Saved as file D:\PROJECT LED CUBE\VE LAI\MACH MO RONG\IC_MO_RONG.MAX
Fri Apr 24 21:30:17 Saved as file BACKUP1.MAX
Fri Apr 24 21:32:01 Saved as file D:\PROJECT LED CUBE\VE LAI\MACH MO RONG\IC_MO_RONG.MAX
Fri Apr 24 21:32:25 Saved as file D:\PROJECT LED CUBE\VE LAI\MACH MO RONG\IC_MO_RONG.MAX
Fri Apr 24 21:35:31 Saved as file D:\PROJECT LED CUBE\VE LAI\MACH MO RONG\IC_MO_RONG.MAX
Fri Apr 24 21:41:48 Saved as file BACKUP1.MAX
Fri Apr 24 21:41:48 Saved as file D:\PROJECT LED CUBE\VE LAI\MACH MO RONG\IC_MO_RONG.MAX
Mon Jun 01 10:37:24 Saved as file BACKUP1.MAX
